{"C:\\Nihar\\Radixweb\\NodeJs\\Myntra\\index.js": {"path":"C:\\Nihar\\Radixweb\\NodeJs\\Myntra\\index.js","statementMap":{"0":{"start":{"line":1,"column":16},"end":{"line":1,"column":34}},"1":{"start":{"line":2,"column":16},"end":{"line":2,"column":34}},"2":{"start":{"line":4,"column":12},"end":{"line":4,"column":21}},"3":{"start":{"line":5,"column":13},"end":{"line":5,"column":17}},"4":{"start":{"line":7,"column":0},"end":{"line":7,"column":24}},"5":{"start":{"line":9,"column":25},"end":{"line":9,"column":55}},"6":{"start":{"line":10,"column":0},"end":{"line":10,"column":31}},"7":{"start":{"line":12,"column":15},"end":{"line":15,"column":2}},"8":{"start":{"line":13,"column":4},"end":{"line":13,"column":53}},"9":{"start":{"line":14,"column":4},"end":{"line":14,"column":52}},"10":{"start":{"line":17,"column":0},"end":{"line":17,"column":24}}},"fnMap":{"0":{"name":"(anonymous_0)","decl":{"start":{"line":12,"column":32},"end":{"line":12,"column":33}},"loc":{"start":{"line":12,"column":38},"end":{"line":15,"column":1}},"line":12}},"branchMap":{},"s":{"0":1,"1":1,"2":1,"3":1,"4":1,"5":1,"6":1,"7":1,"8":1,"9":1,"10":1},"f":{"0":1},"b":{},"_coverageSchema":"332fd63041d2c1bcb487cc26dd0d5f7d97098a6c","hash":"2fa2cbb2b2d353ab96679a7a4dcfb9fa039615af"}
,"C:\\Nihar\\Radixweb\\NodeJs\\Myntra\\controllers\\index.js": {"path":"C:\\Nihar\\Radixweb\\NodeJs\\Myntra\\controllers\\index.js","statementMap":{"0":{"start":{"line":1,"column":16},"end":{"line":1,"column":34}},"1":{"start":{"line":2,"column":15},"end":{"line":2,"column":31}},"2":{"start":{"line":4,"column":0},"end":{"line":4,"column":31}},"3":{"start":{"line":5,"column":0},"end":{"line":5,"column":36}},"4":{"start":{"line":6,"column":0},"end":{"line":6,"column":26}},"5":{"start":{"line":7,"column":0},"end":{"line":7,"column":30}},"6":{"start":{"line":8,"column":0},"end":{"line":8,"column":34}},"7":{"start":{"line":10,"column":0},"end":{"line":10,"column":24}}},"fnMap":{},"branchMap":{},"s":{"0":1,"1":1,"2":1,"3":1,"4":1,"5":1,"6":1,"7":1},"f":{},"b":{},"_coverageSchema":"332fd63041d2c1bcb487cc26dd0d5f7d97098a6c","hash":"7c141170ec42cca52f56e6e70e251dfcb0a4a7c9"}
,"C:\\Nihar\\Radixweb\\NodeJs\\Myntra\\controllers\\brands\\brands.js": {"path":"C:\\Nihar\\Radixweb\\NodeJs\\Myntra\\controllers\\brands\\brands.js","statementMap":{"0":{"start":{"line":1,"column":16},"end":{"line":1,"column":34}},"1":{"start":{"line":2,"column":15},"end":{"line":2,"column":31}},"2":{"start":{"line":3,"column":20},"end":{"line":3,"column":56}},"3":{"start":{"line":4,"column":13},"end":{"line":4,"column":45}},"4":{"start":{"line":5,"column":19},"end":{"line":5,"column":53}},"5":{"start":{"line":11,"column":28},"end":{"line":11,"column":45}},"6":{"start":{"line":12,"column":8},"end":{"line":12,"column":39}},"7":{"start":{"line":17,"column":28},"end":{"line":17,"column":45}},"8":{"start":{"line":18,"column":8},"end":{"line":18,"column":43}},"9":{"start":{"line":23,"column":28},"end":{"line":23,"column":45}},"10":{"start":{"line":24,"column":8},"end":{"line":24,"column":43}},"11":{"start":{"line":29,"column":28},"end":{"line":29,"column":45}},"12":{"start":{"line":30,"column":8},"end":{"line":30,"column":42}},"13":{"start":{"line":35,"column":28},"end":{"line":35,"column":45}},"14":{"start":{"line":36,"column":8},"end":{"line":36,"column":42}},"15":{"start":{"line":41,"column":0},"end":{"line":41,"column":66}},"16":{"start":{"line":43,"column":0},"end":{"line":43,"column":53}},"17":{"start":{"line":45,"column":0},"end":{"line":45,"column":61}},"18":{"start":{"line":47,"column":0},"end":{"line":47,"column":76}},"19":{"start":{"line":49,"column":0},"end":{"line":49,"column":79}},"20":{"start":{"line":51,"column":0},"end":{"line":51,"column":24}}},"fnMap":{"0":{"name":"(anonymous_0)","decl":{"start":{"line":10,"column":4},"end":{"line":10,"column":5}},"loc":{"start":{"line":10,"column":35},"end":{"line":13,"column":5}},"line":10},"1":{"name":"(anonymous_1)","decl":{"start":{"line":16,"column":4},"end":{"line":16,"column":5}},"loc":{"start":{"line":16,"column":39},"end":{"line":19,"column":5}},"line":16},"2":{"name":"(anonymous_2)","decl":{"start":{"line":22,"column":4},"end":{"line":22,"column":5}},"loc":{"start":{"line":22,"column":39},"end":{"line":25,"column":5}},"line":22},"3":{"name":"(anonymous_3)","decl":{"start":{"line":28,"column":4},"end":{"line":28,"column":5}},"loc":{"start":{"line":28,"column":38},"end":{"line":31,"column":5}},"line":28},"4":{"name":"(anonymous_4)","decl":{"start":{"line":34,"column":4},"end":{"line":34,"column":5}},"loc":{"start":{"line":34,"column":38},"end":{"line":37,"column":5}},"line":34}},"branchMap":{},"s":{"0":1,"1":1,"2":1,"3":1,"4":1,"5":3,"6":3,"7":1,"8":1,"9":3,"10":3,"11":5,"12":5,"13":3,"14":3,"15":1,"16":1,"17":1,"18":1,"19":1,"20":1},"f":{"0":3,"1":1,"2":3,"3":5,"4":3},"b":{},"_coverageSchema":"332fd63041d2c1bcb487cc26dd0d5f7d97098a6c","hash":"f99e849be1af81ac9899aa50ddde4fbe82352af8"}
,"C:\\Nihar\\Radixweb\\NodeJs\\Myntra\\controllers\\categories\\categories.js": {"path":"C:\\Nihar\\Radixweb\\NodeJs\\Myntra\\controllers\\categories\\categories.js","statementMap":{"0":{"start":{"line":1,"column":16},"end":{"line":1,"column":34}},"1":{"start":{"line":2,"column":15},"end":{"line":2,"column":31}},"2":{"start":{"line":3,"column":23},"end":{"line":3,"column":62}},"3":{"start":{"line":4,"column":13},"end":{"line":4,"column":45}},"4":{"start":{"line":5,"column":19},"end":{"line":5,"column":53}},"5":{"start":{"line":11,"column":31},"end":{"line":11,"column":51}},"6":{"start":{"line":12,"column":8},"end":{"line":12,"column":45}},"7":{"start":{"line":17,"column":31},"end":{"line":17,"column":51}},"8":{"start":{"line":18,"column":8},"end":{"line":18,"column":50}},"9":{"start":{"line":23,"column":31},"end":{"line":23,"column":51}},"10":{"start":{"line":24,"column":8},"end":{"line":24,"column":49}},"11":{"start":{"line":29,"column":31},"end":{"line":29,"column":51}},"12":{"start":{"line":30,"column":8},"end":{"line":30,"column":48}},"13":{"start":{"line":35,"column":31},"end":{"line":35,"column":51}},"14":{"start":{"line":36,"column":8},"end":{"line":36,"column":48}},"15":{"start":{"line":41,"column":0},"end":{"line":41,"column":73}},"16":{"start":{"line":43,"column":0},"end":{"line":43,"column":61}},"17":{"start":{"line":45,"column":0},"end":{"line":45,"column":71}},"18":{"start":{"line":47,"column":0},"end":{"line":47,"column":86}},"19":{"start":{"line":49,"column":0},"end":{"line":49,"column":89}},"20":{"start":{"line":51,"column":0},"end":{"line":51,"column":24}}},"fnMap":{"0":{"name":"(anonymous_0)","decl":{"start":{"line":10,"column":4},"end":{"line":10,"column":5}},"loc":{"start":{"line":10,"column":38},"end":{"line":13,"column":5}},"line":10},"1":{"name":"(anonymous_1)","decl":{"start":{"line":16,"column":4},"end":{"line":16,"column":5}},"loc":{"start":{"line":16,"column":43},"end":{"line":19,"column":5}},"line":16},"2":{"name":"(anonymous_2)","decl":{"start":{"line":22,"column":4},"end":{"line":22,"column":5}},"loc":{"start":{"line":22,"column":42},"end":{"line":25,"column":5}},"line":22},"3":{"name":"(anonymous_3)","decl":{"start":{"line":28,"column":4},"end":{"line":28,"column":5}},"loc":{"start":{"line":28,"column":41},"end":{"line":31,"column":5}},"line":28},"4":{"name":"(anonymous_4)","decl":{"start":{"line":34,"column":4},"end":{"line":34,"column":5}},"loc":{"start":{"line":34,"column":41},"end":{"line":37,"column":5}},"line":34}},"branchMap":{},"s":{"0":1,"1":1,"2":1,"3":1,"4":1,"5":0,"6":0,"7":0,"8":0,"9":0,"10":0,"11":0,"12":0,"13":0,"14":0,"15":1,"16":1,"17":1,"18":1,"19":1,"20":1},"f":{"0":0,"1":0,"2":0,"3":0,"4":0},"b":{},"_coverageSchema":"332fd63041d2c1bcb487cc26dd0d5f7d97098a6c","hash":"b54f1ef7c8b985de5acd4c3e11d16c7ceca016c0"}
,"C:\\Nihar\\Radixweb\\NodeJs\\Myntra\\controllers\\cities\\cities.js": {"path":"C:\\Nihar\\Radixweb\\NodeJs\\Myntra\\controllers\\cities\\cities.js","statementMap":{"0":{"start":{"line":1,"column":16},"end":{"line":1,"column":34}},"1":{"start":{"line":2,"column":15},"end":{"line":2,"column":31}},"2":{"start":{"line":3,"column":19},"end":{"line":3,"column":54}},"3":{"start":{"line":4,"column":13},"end":{"line":4,"column":45}},"4":{"start":{"line":5,"column":19},"end":{"line":5,"column":53}},"5":{"start":{"line":11,"column":27},"end":{"line":11,"column":43}},"6":{"start":{"line":12,"column":8},"end":{"line":12,"column":37}},"7":{"start":{"line":17,"column":27},"end":{"line":17,"column":43}},"8":{"start":{"line":18,"column":8},"end":{"line":18,"column":42}},"9":{"start":{"line":23,"column":27},"end":{"line":23,"column":43}},"10":{"start":{"line":24,"column":8},"end":{"line":24,"column":41}},"11":{"start":{"line":29,"column":27},"end":{"line":29,"column":43}},"12":{"start":{"line":30,"column":8},"end":{"line":30,"column":40}},"13":{"start":{"line":35,"column":27},"end":{"line":35,"column":43}},"14":{"start":{"line":36,"column":8},"end":{"line":36,"column":40}},"15":{"start":{"line":42,"column":0},"end":{"line":42,"column":65}},"16":{"start":{"line":44,"column":0},"end":{"line":44,"column":53}},"17":{"start":{"line":46,"column":0},"end":{"line":46,"column":59}},"18":{"start":{"line":48,"column":0},"end":{"line":48,"column":74}},"19":{"start":{"line":50,"column":0},"end":{"line":50,"column":77}},"20":{"start":{"line":52,"column":0},"end":{"line":52,"column":24}}},"fnMap":{"0":{"name":"(anonymous_0)","decl":{"start":{"line":10,"column":4},"end":{"line":10,"column":5}},"loc":{"start":{"line":10,"column":34},"end":{"line":13,"column":5}},"line":10},"1":{"name":"(anonymous_1)","decl":{"start":{"line":16,"column":4},"end":{"line":16,"column":5}},"loc":{"start":{"line":16,"column":39},"end":{"line":19,"column":5}},"line":16},"2":{"name":"(anonymous_2)","decl":{"start":{"line":22,"column":4},"end":{"line":22,"column":5}},"loc":{"start":{"line":22,"column":38},"end":{"line":25,"column":5}},"line":22},"3":{"name":"(anonymous_3)","decl":{"start":{"line":28,"column":4},"end":{"line":28,"column":5}},"loc":{"start":{"line":28,"column":37},"end":{"line":31,"column":5}},"line":28},"4":{"name":"(anonymous_4)","decl":{"start":{"line":34,"column":4},"end":{"line":34,"column":5}},"loc":{"start":{"line":34,"column":37},"end":{"line":37,"column":5}},"line":34}},"branchMap":{},"s":{"0":1,"1":1,"2":1,"3":1,"4":1,"5":0,"6":0,"7":0,"8":0,"9":0,"10":0,"11":0,"12":0,"13":0,"14":0,"15":1,"16":1,"17":1,"18":1,"19":1,"20":1},"f":{"0":0,"1":0,"2":0,"3":0,"4":0},"b":{},"_coverageSchema":"332fd63041d2c1bcb487cc26dd0d5f7d97098a6c","hash":"f558aa82de9669a779fd2e859f4fae8be4d937bf"}
,"C:\\Nihar\\Radixweb\\NodeJs\\Myntra\\controllers\\core\\authentication.js": {"path":"C:\\Nihar\\Radixweb\\NodeJs\\Myntra\\controllers\\core\\authentication.js","statementMap":{"0":{"start":{"line":1,"column":15},"end":{"line":1,"column":32}},"1":{"start":{"line":2,"column":16},"end":{"line":2,"column":34}},"2":{"start":{"line":3,"column":15},"end":{"line":3,"column":31}},"3":{"start":{"line":4,"column":12},"end":{"line":4,"column":35}},"4":{"start":{"line":5,"column":15},"end":{"line":5,"column":32}},"5":{"start":{"line":6,"column":12},"end":{"line":6,"column":26}},"6":{"start":{"line":7,"column":19},"end":{"line":7,"column":55}},"7":{"start":{"line":8,"column":21},"end":{"line":8,"column":59}},"8":{"start":{"line":10,"column":0},"end":{"line":65,"column":3}},"9":{"start":{"line":12,"column":22},"end":{"line":12,"column":44}},"10":{"start":{"line":14,"column":4},"end":{"line":16,"column":5}},"11":{"start":{"line":15,"column":8},"end":{"line":15,"column":62}},"12":{"start":{"line":18,"column":4},"end":{"line":64,"column":5}},"13":{"start":{"line":20,"column":21},"end":{"line":20,"column":68}},"14":{"start":{"line":21,"column":8},"end":{"line":23,"column":9}},"15":{"start":{"line":22,"column":12},"end":{"line":22,"column":69}},"16":{"start":{"line":25,"column":30},"end":{"line":25,"column":86}},"17":{"start":{"line":26,"column":8},"end":{"line":28,"column":9}},"18":{"start":{"line":27,"column":12},"end":{"line":27,"column":69}},"19":{"start":{"line":30,"column":22},"end":{"line":32,"column":10}},"20":{"start":{"line":34,"column":8},"end":{"line":37,"column":11}},"21":{"start":{"line":40,"column":9},"end":{"line":64,"column":5}},"22":{"start":{"line":42,"column":25},"end":{"line":42,"column":74}},"23":{"start":{"line":43,"column":8},"end":{"line":45,"column":9}},"24":{"start":{"line":44,"column":12},"end":{"line":44,"column":69}},"25":{"start":{"line":47,"column":30},"end":{"line":47,"column":88}},"26":{"start":{"line":48,"column":8},"end":{"line":50,"column":9}},"27":{"start":{"line":49,"column":12},"end":{"line":49,"column":69}},"28":{"start":{"line":52,"column":22},"end":{"line":54,"column":10}},"29":{"start":{"line":56,"column":8},"end":{"line":59,"column":11}},"30":{"start":{"line":63,"column":8},"end":{"line":63,"column":61}},"31":{"start":{"line":68,"column":19},"end":{"line":72,"column":5}},"32":{"start":{"line":74,"column":4},"end":{"line":74,"column":38}},"33":{"start":{"line":77,"column":0},"end":{"line":77,"column":24}}},"fnMap":{"0":{"name":"(anonymous_0)","decl":{"start":{"line":10,"column":17},"end":{"line":10,"column":18}},"loc":{"start":{"line":10,"column":37},"end":{"line":65,"column":1}},"line":10},"1":{"name":"validateUser","decl":{"start":{"line":67,"column":9},"end":{"line":67,"column":21}},"loc":{"start":{"line":67,"column":27},"end":{"line":75,"column":1}},"line":67}},"branchMap":{"0":{"loc":{"start":{"line":14,"column":4},"end":{"line":16,"column":5}},"type":"if","locations":[{"start":{"line":14,"column":4},"end":{"line":16,"column":5}},{"start":{"line":14,"column":4},"end":{"line":16,"column":5}}],"line":14},"1":{"loc":{"start":{"line":18,"column":4},"end":{"line":64,"column":5}},"type":"if","locations":[{"start":{"line":18,"column":4},"end":{"line":64,"column":5}},{"start":{"line":18,"column":4},"end":{"line":64,"column":5}}],"line":18},"2":{"loc":{"start":{"line":21,"column":8},"end":{"line":23,"column":9}},"type":"if","locations":[{"start":{"line":21,"column":8},"end":{"line":23,"column":9}},{"start":{"line":21,"column":8},"end":{"line":23,"column":9}}],"line":21},"3":{"loc":{"start":{"line":26,"column":8},"end":{"line":28,"column":9}},"type":"if","locations":[{"start":{"line":26,"column":8},"end":{"line":28,"column":9}},{"start":{"line":26,"column":8},"end":{"line":28,"column":9}}],"line":26},"4":{"loc":{"start":{"line":40,"column":9},"end":{"line":64,"column":5}},"type":"if","locations":[{"start":{"line":40,"column":9},"end":{"line":64,"column":5}},{"start":{"line":40,"column":9},"end":{"line":64,"column":5}}],"line":40},"5":{"loc":{"start":{"line":43,"column":8},"end":{"line":45,"column":9}},"type":"if","locations":[{"start":{"line":43,"column":8},"end":{"line":45,"column":9}},{"start":{"line":43,"column":8},"end":{"line":45,"column":9}}],"line":43},"6":{"loc":{"start":{"line":48,"column":8},"end":{"line":50,"column":9}},"type":"if","locations":[{"start":{"line":48,"column":8},"end":{"line":50,"column":9}},{"start":{"line":48,"column":8},"end":{"line":50,"column":9}}],"line":48}},"s":{"0":1,"1":1,"2":1,"3":1,"4":1,"5":1,"6":1,"7":1,"8":1,"9":20,"10":20,"11":0,"12":20,"13":20,"14":20,"15":0,"16":20,"17":20,"18":0,"19":20,"20":20,"21":0,"22":0,"23":0,"24":0,"25":0,"26":0,"27":0,"28":0,"29":0,"30":0,"31":20,"32":20,"33":1},"f":{"0":20,"1":20},"b":{"0":[0,20],"1":[20,0],"2":[0,20],"3":[0,20],"4":[0,0],"5":[0,0],"6":[0,0]},"_coverageSchema":"332fd63041d2c1bcb487cc26dd0d5f7d97098a6c","hash":"ebcf7431e0083ca1a7b7143ee62ff69b61266aad"}
,"C:\\Nihar\\Radixweb\\NodeJs\\Myntra\\controllers\\countries\\countries.js": {"path":"C:\\Nihar\\Radixweb\\NodeJs\\Myntra\\controllers\\countries\\countries.js","statementMap":{"0":{"start":{"line":1,"column":16},"end":{"line":1,"column":34}},"1":{"start":{"line":2,"column":15},"end":{"line":2,"column":31}},"2":{"start":{"line":3,"column":22},"end":{"line":3,"column":60}},"3":{"start":{"line":4,"column":13},"end":{"line":4,"column":45}},"4":{"start":{"line":5,"column":19},"end":{"line":5,"column":53}},"5":{"start":{"line":11,"column":30},"end":{"line":11,"column":49}},"6":{"start":{"line":12,"column":8},"end":{"line":12,"column":43}},"7":{"start":{"line":17,"column":30},"end":{"line":17,"column":49}},"8":{"start":{"line":18,"column":8},"end":{"line":18,"column":48}},"9":{"start":{"line":23,"column":30},"end":{"line":23,"column":49}},"10":{"start":{"line":24,"column":8},"end":{"line":24,"column":47}},"11":{"start":{"line":29,"column":30},"end":{"line":29,"column":49}},"12":{"start":{"line":30,"column":8},"end":{"line":30,"column":46}},"13":{"start":{"line":35,"column":30},"end":{"line":35,"column":49}},"14":{"start":{"line":36,"column":8},"end":{"line":36,"column":46}},"15":{"start":{"line":41,"column":0},"end":{"line":41,"column":71}},"16":{"start":{"line":43,"column":0},"end":{"line":43,"column":59}},"17":{"start":{"line":45,"column":0},"end":{"line":45,"column":68}},"18":{"start":{"line":47,"column":0},"end":{"line":47,"column":83}},"19":{"start":{"line":49,"column":0},"end":{"line":49,"column":86}},"20":{"start":{"line":51,"column":0},"end":{"line":51,"column":24}}},"fnMap":{"0":{"name":"(anonymous_0)","decl":{"start":{"line":10,"column":4},"end":{"line":10,"column":5}},"loc":{"start":{"line":10,"column":37},"end":{"line":13,"column":5}},"line":10},"1":{"name":"(anonymous_1)","decl":{"start":{"line":16,"column":4},"end":{"line":16,"column":5}},"loc":{"start":{"line":16,"column":42},"end":{"line":19,"column":5}},"line":16},"2":{"name":"(anonymous_2)","decl":{"start":{"line":22,"column":4},"end":{"line":22,"column":5}},"loc":{"start":{"line":22,"column":41},"end":{"line":25,"column":5}},"line":22},"3":{"name":"(anonymous_3)","decl":{"start":{"line":28,"column":4},"end":{"line":28,"column":5}},"loc":{"start":{"line":28,"column":40},"end":{"line":31,"column":5}},"line":28},"4":{"name":"(anonymous_4)","decl":{"start":{"line":34,"column":4},"end":{"line":34,"column":5}},"loc":{"start":{"line":34,"column":40},"end":{"line":37,"column":5}},"line":34}},"branchMap":{},"s":{"0":1,"1":1,"2":1,"3":1,"4":1,"5":0,"6":0,"7":0,"8":0,"9":0,"10":0,"11":0,"12":0,"13":0,"14":0,"15":1,"16":1,"17":1,"18":1,"19":1,"20":1},"f":{"0":0,"1":0,"2":0,"3":0,"4":0},"b":{},"_coverageSchema":"332fd63041d2c1bcb487cc26dd0d5f7d97098a6c","hash":"f35cf3ff193ab0f419f785fceee3dfd0ca0ce6a8"}
,"C:\\Nihar\\Radixweb\\NodeJs\\Myntra\\controllers\\customers\\customers.js": {"path":"C:\\Nihar\\Radixweb\\NodeJs\\Myntra\\controllers\\customers\\customers.js","statementMap":{"0":{"start":{"line":1,"column":16},"end":{"line":1,"column":34}},"1":{"start":{"line":2,"column":15},"end":{"line":2,"column":31}},"2":{"start":{"line":3,"column":23},"end":{"line":3,"column":62}},"3":{"start":{"line":4,"column":13},"end":{"line":4,"column":45}},"4":{"start":{"line":5,"column":19},"end":{"line":5,"column":53}},"5":{"start":{"line":11,"column":31},"end":{"line":11,"column":51}},"6":{"start":{"line":12,"column":8},"end":{"line":12,"column":45}},"7":{"start":{"line":17,"column":31},"end":{"line":17,"column":51}},"8":{"start":{"line":18,"column":8},"end":{"line":18,"column":55}},"9":{"start":{"line":23,"column":31},"end":{"line":23,"column":51}},"10":{"start":{"line":24,"column":8},"end":{"line":24,"column":49}},"11":{"start":{"line":29,"column":31},"end":{"line":29,"column":51}},"12":{"start":{"line":30,"column":8},"end":{"line":30,"column":48}},"13":{"start":{"line":35,"column":31},"end":{"line":35,"column":51}},"14":{"start":{"line":36,"column":8},"end":{"line":36,"column":48}},"15":{"start":{"line":42,"column":0},"end":{"line":42,"column":50}},"16":{"start":{"line":44,"column":0},"end":{"line":44,"column":75}},"17":{"start":{"line":46,"column":0},"end":{"line":46,"column":70}},"18":{"start":{"line":48,"column":0},"end":{"line":48,"column":69}},"19":{"start":{"line":50,"column":0},"end":{"line":50,"column":72}},"20":{"start":{"line":52,"column":0},"end":{"line":52,"column":24}}},"fnMap":{"0":{"name":"(anonymous_0)","decl":{"start":{"line":10,"column":4},"end":{"line":10,"column":5}},"loc":{"start":{"line":10,"column":38},"end":{"line":13,"column":5}},"line":10},"1":{"name":"(anonymous_1)","decl":{"start":{"line":16,"column":4},"end":{"line":16,"column":5}},"loc":{"start":{"line":16,"column":48},"end":{"line":19,"column":5}},"line":16},"2":{"name":"(anonymous_2)","decl":{"start":{"line":22,"column":4},"end":{"line":22,"column":5}},"loc":{"start":{"line":22,"column":42},"end":{"line":25,"column":5}},"line":22},"3":{"name":"(anonymous_3)","decl":{"start":{"line":28,"column":4},"end":{"line":28,"column":5}},"loc":{"start":{"line":28,"column":41},"end":{"line":31,"column":5}},"line":28},"4":{"name":"(anonymous_4)","decl":{"start":{"line":34,"column":4},"end":{"line":34,"column":5}},"loc":{"start":{"line":34,"column":41},"end":{"line":37,"column":5}},"line":34}},"branchMap":{},"s":{"0":1,"1":1,"2":1,"3":1,"4":1,"5":0,"6":0,"7":0,"8":0,"9":0,"10":0,"11":0,"12":0,"13":0,"14":0,"15":1,"16":1,"17":1,"18":1,"19":1,"20":1},"f":{"0":0,"1":0,"2":0,"3":0,"4":0},"b":{},"_coverageSchema":"332fd63041d2c1bcb487cc26dd0d5f7d97098a6c","hash":"11fc9b0a765dc8f4bc1c7e2e5150de4e42c34cef"}
,"C:\\Nihar\\Radixweb\\NodeJs\\Myntra\\controllers\\orders\\orders.js": {"path":"C:\\Nihar\\Radixweb\\NodeJs\\Myntra\\controllers\\orders\\orders.js","statementMap":{"0":{"start":{"line":1,"column":16},"end":{"line":1,"column":34}},"1":{"start":{"line":2,"column":15},"end":{"line":2,"column":31}},"2":{"start":{"line":3,"column":20},"end":{"line":3,"column":56}},"3":{"start":{"line":4,"column":13},"end":{"line":4,"column":45}},"4":{"start":{"line":5,"column":19},"end":{"line":5,"column":53}},"5":{"start":{"line":11,"column":28},"end":{"line":11,"column":45}},"6":{"start":{"line":12,"column":8},"end":{"line":12,"column":39}},"7":{"start":{"line":17,"column":28},"end":{"line":17,"column":45}},"8":{"start":{"line":18,"column":8},"end":{"line":18,"column":43}},"9":{"start":{"line":23,"column":28},"end":{"line":23,"column":45}},"10":{"start":{"line":24,"column":8},"end":{"line":24,"column":43}},"11":{"start":{"line":29,"column":28},"end":{"line":29,"column":45}},"12":{"start":{"line":30,"column":8},"end":{"line":30,"column":42}},"13":{"start":{"line":35,"column":28},"end":{"line":35,"column":45}},"14":{"start":{"line":36,"column":8},"end":{"line":36,"column":42}},"15":{"start":{"line":41,"column":0},"end":{"line":41,"column":50}},"16":{"start":{"line":43,"column":0},"end":{"line":43,"column":53}},"17":{"start":{"line":45,"column":0},"end":{"line":45,"column":61}},"18":{"start":{"line":47,"column":0},"end":{"line":47,"column":60}},"19":{"start":{"line":49,"column":0},"end":{"line":49,"column":63}},"20":{"start":{"line":51,"column":0},"end":{"line":51,"column":24}}},"fnMap":{"0":{"name":"(anonymous_0)","decl":{"start":{"line":10,"column":4},"end":{"line":10,"column":5}},"loc":{"start":{"line":10,"column":35},"end":{"line":13,"column":5}},"line":10},"1":{"name":"(anonymous_1)","decl":{"start":{"line":16,"column":4},"end":{"line":16,"column":5}},"loc":{"start":{"line":16,"column":39},"end":{"line":19,"column":5}},"line":16},"2":{"name":"(anonymous_2)","decl":{"start":{"line":22,"column":4},"end":{"line":22,"column":5}},"loc":{"start":{"line":22,"column":39},"end":{"line":25,"column":5}},"line":22},"3":{"name":"(anonymous_3)","decl":{"start":{"line":28,"column":4},"end":{"line":28,"column":5}},"loc":{"start":{"line":28,"column":38},"end":{"line":31,"column":5}},"line":28},"4":{"name":"(anonymous_4)","decl":{"start":{"line":34,"column":4},"end":{"line":34,"column":5}},"loc":{"start":{"line":34,"column":38},"end":{"line":37,"column":5}},"line":34}},"branchMap":{},"s":{"0":1,"1":1,"2":1,"3":1,"4":1,"5":0,"6":0,"7":0,"8":0,"9":0,"10":0,"11":0,"12":0,"13":0,"14":0,"15":1,"16":1,"17":1,"18":1,"19":1,"20":1},"f":{"0":0,"1":0,"2":0,"3":0,"4":0},"b":{},"_coverageSchema":"332fd63041d2c1bcb487cc26dd0d5f7d97098a6c","hash":"718ece187736b68b6a85cdfaf891bc6305071007"}
,"C:\\Nihar\\Radixweb\\NodeJs\\Myntra\\controllers\\otp\\otp.js": {"path":"C:\\Nihar\\Radixweb\\NodeJs\\Myntra\\controllers\\otp\\otp.js","statementMap":{"0":{"start":{"line":1,"column":16},"end":{"line":1,"column":34}},"1":{"start":{"line":2,"column":19},"end":{"line":2,"column":40}},"2":{"start":{"line":3,"column":15},"end":{"line":3,"column":31}},"3":{"start":{"line":5,"column":10},"end":{"line":5,"column":49}},"4":{"start":{"line":9,"column":20},"end":{"line":9,"column":36}},"5":{"start":{"line":10,"column":26},"end":{"line":16,"column":10}},"6":{"start":{"line":17,"column":19},"end":{"line":22,"column":10}},"7":{"start":{"line":24,"column":8},"end":{"line":24,"column":61}},"8":{"start":{"line":27,"column":19},"end":{"line":27,"column":33}},"9":{"start":{"line":28,"column":8},"end":{"line":32,"column":9}},"10":{"start":{"line":29,"column":12},"end":{"line":29,"column":27}},"11":{"start":{"line":31,"column":12},"end":{"line":31,"column":28}},"12":{"start":{"line":37,"column":0},"end":{"line":37,"column":41}},"13":{"start":{"line":40,"column":0},"end":{"line":40,"column":43}},"14":{"start":{"line":42,"column":0},"end":{"line":42,"column":24}}},"fnMap":{"0":{"name":"(anonymous_0)","decl":{"start":{"line":8,"column":4},"end":{"line":8,"column":5}},"loc":{"start":{"line":8,"column":35},"end":{"line":25,"column":5}},"line":8},"1":{"name":"(anonymous_1)","decl":{"start":{"line":26,"column":4},"end":{"line":26,"column":5}},"loc":{"start":{"line":26,"column":37},"end":{"line":33,"column":5}},"line":26}},"branchMap":{"0":{"loc":{"start":{"line":28,"column":8},"end":{"line":32,"column":9}},"type":"if","locations":[{"start":{"line":28,"column":8},"end":{"line":32,"column":9}},{"start":{"line":28,"column":8},"end":{"line":32,"column":9}}],"line":28}},"s":{"0":1,"1":1,"2":1,"3":1,"4":0,"5":0,"6":0,"7":0,"8":0,"9":0,"10":0,"11":0,"12":1,"13":1,"14":1},"f":{"0":0,"1":0},"b":{"0":[0,0]},"_coverageSchema":"332fd63041d2c1bcb487cc26dd0d5f7d97098a6c","hash":"a99c93e10fe1f72776128a25042c5b0a0587ea12"}
,"C:\\Nihar\\Radixweb\\NodeJs\\Myntra\\controllers\\products\\products.js": {"path":"C:\\Nihar\\Radixweb\\NodeJs\\Myntra\\controllers\\products\\products.js","statementMap":{"0":{"start":{"line":1,"column":16},"end":{"line":1,"column":34}},"1":{"start":{"line":2,"column":15},"end":{"line":2,"column":31}},"2":{"start":{"line":3,"column":22},"end":{"line":3,"column":60}},"3":{"start":{"line":4,"column":13},"end":{"line":4,"column":45}},"4":{"start":{"line":5,"column":19},"end":{"line":5,"column":53}},"5":{"start":{"line":11,"column":30},"end":{"line":11,"column":49}},"6":{"start":{"line":12,"column":8},"end":{"line":12,"column":43}},"7":{"start":{"line":17,"column":30},"end":{"line":17,"column":49}},"8":{"start":{"line":18,"column":8},"end":{"line":18,"column":47}},"9":{"start":{"line":23,"column":30},"end":{"line":23,"column":49}},"10":{"start":{"line":24,"column":8},"end":{"line":24,"column":47}},"11":{"start":{"line":29,"column":30},"end":{"line":29,"column":49}},"12":{"start":{"line":30,"column":8},"end":{"line":30,"column":46}},"13":{"start":{"line":35,"column":30},"end":{"line":35,"column":49}},"14":{"start":{"line":36,"column":8},"end":{"line":36,"column":46}},"15":{"start":{"line":41,"column":0},"end":{"line":41,"column":70}},"16":{"start":{"line":43,"column":0},"end":{"line":43,"column":57}},"17":{"start":{"line":45,"column":0},"end":{"line":45,"column":67}},"18":{"start":{"line":47,"column":0},"end":{"line":47,"column":82}},"19":{"start":{"line":49,"column":0},"end":{"line":49,"column":85}},"20":{"start":{"line":51,"column":0},"end":{"line":51,"column":24}}},"fnMap":{"0":{"name":"(anonymous_0)","decl":{"start":{"line":10,"column":4},"end":{"line":10,"column":5}},"loc":{"start":{"line":10,"column":37},"end":{"line":13,"column":5}},"line":10},"1":{"name":"(anonymous_1)","decl":{"start":{"line":16,"column":4},"end":{"line":16,"column":5}},"loc":{"start":{"line":16,"column":41},"end":{"line":19,"column":5}},"line":16},"2":{"name":"(anonymous_2)","decl":{"start":{"line":22,"column":4},"end":{"line":22,"column":5}},"loc":{"start":{"line":22,"column":41},"end":{"line":25,"column":5}},"line":22},"3":{"name":"(anonymous_3)","decl":{"start":{"line":28,"column":4},"end":{"line":28,"column":5}},"loc":{"start":{"line":28,"column":40},"end":{"line":31,"column":5}},"line":28},"4":{"name":"(anonymous_4)","decl":{"start":{"line":34,"column":4},"end":{"line":34,"column":5}},"loc":{"start":{"line":34,"column":40},"end":{"line":37,"column":5}},"line":34}},"branchMap":{},"s":{"0":1,"1":1,"2":1,"3":1,"4":1,"5":0,"6":0,"7":0,"8":0,"9":0,"10":0,"11":0,"12":0,"13":0,"14":0,"15":1,"16":1,"17":1,"18":1,"19":1,"20":1},"f":{"0":0,"1":0,"2":0,"3":0,"4":0},"b":{},"_coverageSchema":"332fd63041d2c1bcb487cc26dd0d5f7d97098a6c","hash":"0253b827a3df27a897ff29907423582122e81e69"}
,"C:\\Nihar\\Radixweb\\NodeJs\\Myntra\\controllers\\sellers\\sellers.js": {"path":"C:\\Nihar\\Radixweb\\NodeJs\\Myntra\\controllers\\sellers\\sellers.js","statementMap":{"0":{"start":{"line":1,"column":16},"end":{"line":1,"column":34}},"1":{"start":{"line":2,"column":15},"end":{"line":2,"column":31}},"2":{"start":{"line":3,"column":21},"end":{"line":3,"column":58}},"3":{"start":{"line":4,"column":13},"end":{"line":4,"column":45}},"4":{"start":{"line":5,"column":19},"end":{"line":5,"column":53}},"5":{"start":{"line":11,"column":29},"end":{"line":11,"column":47}},"6":{"start":{"line":12,"column":8},"end":{"line":12,"column":41}},"7":{"start":{"line":17,"column":29},"end":{"line":17,"column":47}},"8":{"start":{"line":18,"column":8},"end":{"line":18,"column":45}},"9":{"start":{"line":23,"column":29},"end":{"line":23,"column":47}},"10":{"start":{"line":24,"column":8},"end":{"line":24,"column":45}},"11":{"start":{"line":29,"column":29},"end":{"line":29,"column":47}},"12":{"start":{"line":30,"column":8},"end":{"line":30,"column":44}},"13":{"start":{"line":35,"column":29},"end":{"line":35,"column":47}},"14":{"start":{"line":36,"column":8},"end":{"line":36,"column":44}},"15":{"start":{"line":42,"column":0},"end":{"line":42,"column":46}},"16":{"start":{"line":44,"column":0},"end":{"line":44,"column":71}},"17":{"start":{"line":46,"column":0},"end":{"line":46,"column":80}},"18":{"start":{"line":48,"column":0},"end":{"line":48,"column":79}},"19":{"start":{"line":50,"column":0},"end":{"line":50,"column":82}},"20":{"start":{"line":52,"column":0},"end":{"line":52,"column":24}}},"fnMap":{"0":{"name":"(anonymous_0)","decl":{"start":{"line":10,"column":4},"end":{"line":10,"column":5}},"loc":{"start":{"line":10,"column":36},"end":{"line":13,"column":5}},"line":10},"1":{"name":"(anonymous_1)","decl":{"start":{"line":16,"column":4},"end":{"line":16,"column":5}},"loc":{"start":{"line":16,"column":40},"end":{"line":19,"column":5}},"line":16},"2":{"name":"(anonymous_2)","decl":{"start":{"line":22,"column":4},"end":{"line":22,"column":5}},"loc":{"start":{"line":22,"column":40},"end":{"line":25,"column":5}},"line":22},"3":{"name":"(anonymous_3)","decl":{"start":{"line":28,"column":4},"end":{"line":28,"column":5}},"loc":{"start":{"line":28,"column":39},"end":{"line":31,"column":5}},"line":28},"4":{"name":"(anonymous_4)","decl":{"start":{"line":34,"column":4},"end":{"line":34,"column":5}},"loc":{"start":{"line":34,"column":39},"end":{"line":37,"column":5}},"line":34}},"branchMap":{},"s":{"0":1,"1":1,"2":1,"3":1,"4":1,"5":20,"6":20,"7":0,"8":0,"9":0,"10":0,"11":0,"12":0,"13":0,"14":0,"15":1,"16":1,"17":1,"18":1,"19":1,"20":1},"f":{"0":20,"1":0,"2":0,"3":0,"4":0},"b":{},"_coverageSchema":"332fd63041d2c1bcb487cc26dd0d5f7d97098a6c","hash":"7729b6a74466e7dbc054c5c1f7dc196489fe3291"}
,"C:\\Nihar\\Radixweb\\NodeJs\\Myntra\\controllers\\startup\\config.js": {"path":"C:\\Nihar\\Radixweb\\NodeJs\\Myntra\\controllers\\startup\\config.js","statementMap":{"0":{"start":{"line":1,"column":15},"end":{"line":1,"column":32}},"1":{"start":{"line":3,"column":0},"end":{"line":7,"column":1}},"2":{"start":{"line":4,"column":4},"end":{"line":6,"column":5}},"3":{"start":{"line":5,"column":8},"end":{"line":5,"column":69}}},"fnMap":{"0":{"name":"(anonymous_0)","decl":{"start":{"line":3,"column":17},"end":{"line":3,"column":18}},"loc":{"start":{"line":3,"column":27},"end":{"line":7,"column":1}},"line":3}},"branchMap":{"0":{"loc":{"start":{"line":4,"column":4},"end":{"line":6,"column":5}},"type":"if","locations":[{"start":{"line":4,"column":4},"end":{"line":6,"column":5}},{"start":{"line":4,"column":4},"end":{"line":6,"column":5}}],"line":4}},"s":{"0":1,"1":1,"2":1,"3":0},"f":{"0":1},"b":{"0":[0,1]},"_coverageSchema":"332fd63041d2c1bcb487cc26dd0d5f7d97098a6c","hash":"e56e1610a83b54903089262af09ece08b8560bde"}
,"C:\\Nihar\\Radixweb\\NodeJs\\Myntra\\controllers\\startup\\db.js": {"path":"C:\\Nihar\\Radixweb\\NodeJs\\Myntra\\controllers\\startup\\db.js","statementMap":{"0":{"start":{"line":1,"column":17},"end":{"line":1,"column":36}},"1":{"start":{"line":2,"column":16},"end":{"line":2,"column":34}},"2":{"start":{"line":3,"column":15},"end":{"line":3,"column":32}},"3":{"start":{"line":5,"column":0},"end":{"line":16,"column":1}},"4":{"start":{"line":7,"column":21},"end":{"line":7,"column":37}},"5":{"start":{"line":9,"column":4},"end":{"line":15,"column":7}},"6":{"start":{"line":13,"column":8},"end":{"line":13,"column":52}},"7":{"start":{"line":14,"column":8},"end":{"line":14,"column":51}}},"fnMap":{"0":{"name":"(anonymous_0)","decl":{"start":{"line":5,"column":17},"end":{"line":5,"column":18}},"loc":{"start":{"line":5,"column":29},"end":{"line":16,"column":1}},"line":5},"1":{"name":"(anonymous_1)","decl":{"start":{"line":12,"column":12},"end":{"line":12,"column":13}},"loc":{"start":{"line":12,"column":18},"end":{"line":15,"column":5}},"line":12}},"branchMap":{},"s":{"0":1,"1":1,"2":1,"3":1,"4":1,"5":1,"6":1,"7":1},"f":{"0":1,"1":1},"b":{},"_coverageSchema":"332fd63041d2c1bcb487cc26dd0d5f7d97098a6c","hash":"1eb82d311b34841bf40ed686452adc5b71d3fbdc"}
,"C:\\Nihar\\Radixweb\\NodeJs\\Myntra\\controllers\\startup\\logging.js": {"path":"C:\\Nihar\\Radixweb\\NodeJs\\Myntra\\controllers\\startup\\logging.js","statementMap":{"0":{"start":{"line":1,"column":16},"end":{"line":1,"column":34}},"1":{"start":{"line":2,"column":0},"end":{"line":2,"column":27}},"2":{"start":{"line":4,"column":0},"end":{"line":17,"column":1}},"3":{"start":{"line":6,"column":4},"end":{"line":6,"column":98}},"4":{"start":{"line":8,"column":4},"end":{"line":10,"column":7}},"5":{"start":{"line":9,"column":8},"end":{"line":9,"column":17}},"6":{"start":{"line":12,"column":4},"end":{"line":12,"column":74}},"7":{"start":{"line":13,"column":4},"end":{"line":16,"column":8}}},"fnMap":{"0":{"name":"(anonymous_0)","decl":{"start":{"line":4,"column":17},"end":{"line":4,"column":18}},"loc":{"start":{"line":4,"column":29},"end":{"line":17,"column":1}},"line":4},"1":{"name":"(anonymous_1)","decl":{"start":{"line":8,"column":37},"end":{"line":8,"column":38}},"loc":{"start":{"line":8,"column":45},"end":{"line":10,"column":5}},"line":8}},"branchMap":{},"s":{"0":1,"1":1,"2":1,"3":1,"4":1,"5":0,"6":1,"7":1},"f":{"0":1,"1":0},"b":{},"_coverageSchema":"332fd63041d2c1bcb487cc26dd0d5f7d97098a6c","hash":"59f3025996f8e995fb1c623cf64e2bf86cf6e06b"}
,"C:\\Nihar\\Radixweb\\NodeJs\\Myntra\\controllers\\startup\\routes.js": {"path":"C:\\Nihar\\Radixweb\\NodeJs\\Myntra\\controllers\\startup\\routes.js","statementMap":{"0":{"start":{"line":1,"column":16},"end":{"line":1,"column":34}},"1":{"start":{"line":3,"column":20},"end":{"line":3,"column":47}},"2":{"start":{"line":4,"column":23},"end":{"line":4,"column":58}},"3":{"start":{"line":5,"column":22},"end":{"line":5,"column":53}},"4":{"start":{"line":6,"column":22},"end":{"line":6,"column":55}},"5":{"start":{"line":7,"column":20},"end":{"line":7,"column":47}},"6":{"start":{"line":8,"column":19},"end":{"line":8,"column":46}},"7":{"start":{"line":9,"column":21},"end":{"line":9,"column":50}},"8":{"start":{"line":10,"column":23},"end":{"line":10,"column":56}},"9":{"start":{"line":11,"column":20},"end":{"line":11,"column":47}},"10":{"start":{"line":12,"column":20},"end":{"line":12,"column":53}},"11":{"start":{"line":13,"column":18},"end":{"line":13,"column":39}},"12":{"start":{"line":15,"column":14},"end":{"line":15,"column":47}},"13":{"start":{"line":17,"column":0},"end":{"line":31,"column":1}},"14":{"start":{"line":18,"column":4},"end":{"line":18,"column":39}},"15":{"start":{"line":19,"column":4},"end":{"line":19,"column":46}},"16":{"start":{"line":20,"column":4},"end":{"line":20,"column":43}},"17":{"start":{"line":21,"column":4},"end":{"line":21,"column":44}},"18":{"start":{"line":22,"column":4},"end":{"line":22,"column":39}},"19":{"start":{"line":23,"column":4},"end":{"line":23,"column":38}},"20":{"start":{"line":24,"column":4},"end":{"line":24,"column":41}},"21":{"start":{"line":25,"column":4},"end":{"line":25,"column":45}},"22":{"start":{"line":26,"column":4},"end":{"line":26,"column":39}},"23":{"start":{"line":27,"column":4},"end":{"line":27,"column":38}},"24":{"start":{"line":28,"column":4},"end":{"line":28,"column":34}},"25":{"start":{"line":30,"column":4},"end":{"line":30,"column":22}}},"fnMap":{"0":{"name":"(anonymous_0)","decl":{"start":{"line":17,"column":17},"end":{"line":17,"column":18}},"loc":{"start":{"line":17,"column":35},"end":{"line":31,"column":1}},"line":17}},"branchMap":{},"s":{"0":1,"1":1,"2":1,"3":1,"4":1,"5":1,"6":1,"7":1,"8":1,"9":1,"10":1,"11":1,"12":1,"13":1,"14":1,"15":1,"16":1,"17":1,"18":1,"19":1,"20":1,"21":1,"22":1,"23":1,"24":1,"25":1},"f":{"0":1},"b":{},"_coverageSchema":"332fd63041d2c1bcb487cc26dd0d5f7d97098a6c","hash":"b9ea8b555a4896deca035d693dfd95aa176402a5"}
,"C:\\Nihar\\Radixweb\\NodeJs\\Myntra\\controllers\\startup\\validation.js": {"path":"C:\\Nihar\\Radixweb\\NodeJs\\Myntra\\controllers\\startup\\validation.js","statementMap":{"0":{"start":{"line":1,"column":12},"end":{"line":1,"column":26}},"1":{"start":{"line":3,"column":0},"end":{"line":5,"column":1}},"2":{"start":{"line":4,"column":4},"end":{"line":4,"column":48}}},"fnMap":{"0":{"name":"(anonymous_0)","decl":{"start":{"line":3,"column":17},"end":{"line":3,"column":18}},"loc":{"start":{"line":3,"column":27},"end":{"line":5,"column":1}},"line":3}},"branchMap":{},"s":{"0":1,"1":1,"2":1},"f":{"0":1},"b":{},"_coverageSchema":"332fd63041d2c1bcb487cc26dd0d5f7d97098a6c","hash":"5e26fb16fc00b3e7902928bec8c6c556793af44c"}
,"C:\\Nihar\\Radixweb\\NodeJs\\Myntra\\controllers\\states\\states.js": {"path":"C:\\Nihar\\Radixweb\\NodeJs\\Myntra\\controllers\\states\\states.js","statementMap":{"0":{"start":{"line":1,"column":16},"end":{"line":1,"column":34}},"1":{"start":{"line":2,"column":15},"end":{"line":2,"column":31}},"2":{"start":{"line":3,"column":20},"end":{"line":3,"column":56}},"3":{"start":{"line":4,"column":13},"end":{"line":4,"column":45}},"4":{"start":{"line":5,"column":19},"end":{"line":5,"column":53}},"5":{"start":{"line":11,"column":28},"end":{"line":11,"column":45}},"6":{"start":{"line":12,"column":8},"end":{"line":12,"column":39}},"7":{"start":{"line":17,"column":28},"end":{"line":17,"column":45}},"8":{"start":{"line":18,"column":8},"end":{"line":18,"column":43}},"9":{"start":{"line":23,"column":28},"end":{"line":23,"column":45}},"10":{"start":{"line":24,"column":8},"end":{"line":24,"column":43}},"11":{"start":{"line":29,"column":28},"end":{"line":29,"column":45}},"12":{"start":{"line":30,"column":8},"end":{"line":30,"column":42}},"13":{"start":{"line":35,"column":28},"end":{"line":35,"column":45}},"14":{"start":{"line":36,"column":8},"end":{"line":36,"column":42}},"15":{"start":{"line":41,"column":0},"end":{"line":41,"column":66}},"16":{"start":{"line":43,"column":0},"end":{"line":43,"column":69}},"17":{"start":{"line":45,"column":0},"end":{"line":45,"column":77}},"18":{"start":{"line":47,"column":0},"end":{"line":47,"column":76}},"19":{"start":{"line":49,"column":0},"end":{"line":49,"column":79}},"20":{"start":{"line":51,"column":0},"end":{"line":51,"column":24}}},"fnMap":{"0":{"name":"(anonymous_0)","decl":{"start":{"line":10,"column":4},"end":{"line":10,"column":5}},"loc":{"start":{"line":10,"column":35},"end":{"line":13,"column":5}},"line":10},"1":{"name":"(anonymous_1)","decl":{"start":{"line":16,"column":4},"end":{"line":16,"column":5}},"loc":{"start":{"line":16,"column":39},"end":{"line":19,"column":5}},"line":16},"2":{"name":"(anonymous_2)","decl":{"start":{"line":22,"column":4},"end":{"line":22,"column":5}},"loc":{"start":{"line":22,"column":39},"end":{"line":25,"column":5}},"line":22},"3":{"name":"(anonymous_3)","decl":{"start":{"line":28,"column":4},"end":{"line":28,"column":5}},"loc":{"start":{"line":28,"column":38},"end":{"line":31,"column":5}},"line":28},"4":{"name":"(anonymous_4)","decl":{"start":{"line":34,"column":4},"end":{"line":34,"column":5}},"loc":{"start":{"line":34,"column":38},"end":{"line":37,"column":5}},"line":34}},"branchMap":{},"s":{"0":1,"1":1,"2":1,"3":1,"4":1,"5":0,"6":0,"7":0,"8":0,"9":0,"10":0,"11":0,"12":0,"13":0,"14":0,"15":1,"16":1,"17":1,"18":1,"19":1,"20":1},"f":{"0":0,"1":0,"2":0,"3":0,"4":0},"b":{},"_coverageSchema":"332fd63041d2c1bcb487cc26dd0d5f7d97098a6c","hash":"6848afab4ffe43b9d60b85638cd1ab66b0c6144f"}
,"C:\\Nihar\\Radixweb\\NodeJs\\Myntra\\domain\\brand.domain.js": {"path":"C:\\Nihar\\Radixweb\\NodeJs\\Myntra\\domain\\brand.domain.js","statementMap":{"0":{"start":{"line":1,"column":33},"end":{"line":1,"column":65}},"1":{"start":{"line":2,"column":12},"end":{"line":2,"column":26}},"2":{"start":{"line":9,"column":26},"end":{"line":9,"column":49}},"3":{"start":{"line":11,"column":8},"end":{"line":13,"column":9}},"4":{"start":{"line":12,"column":12},"end":{"line":12,"column":66}},"5":{"start":{"line":15,"column":8},"end":{"line":26,"column":9}},"6":{"start":{"line":16,"column":26},"end":{"line":18,"column":14}},"7":{"start":{"line":20,"column":12},"end":{"line":20,"column":31}},"8":{"start":{"line":22,"column":12},"end":{"line":22,"column":28}},"9":{"start":{"line":25,"column":12},"end":{"line":25,"column":36}},"10":{"start":{"line":31,"column":23},"end":{"line":31,"column":61}},"11":{"start":{"line":32,"column":8},"end":{"line":32,"column":25}},"12":{"start":{"line":38,"column":24},"end":{"line":38,"column":42}},"13":{"start":{"line":40,"column":24},"end":{"line":40,"column":72}},"14":{"start":{"line":42,"column":8},"end":{"line":44,"column":9}},"15":{"start":{"line":43,"column":12},"end":{"line":43,"column":66}},"16":{"start":{"line":46,"column":22},"end":{"line":46,"column":71}},"17":{"start":{"line":48,"column":8},"end":{"line":50,"column":9}},"18":{"start":{"line":49,"column":12},"end":{"line":49,"column":59}},"19":{"start":{"line":52,"column":8},"end":{"line":52,"column":24}},"20":{"start":{"line":58,"column":24},"end":{"line":58,"column":42}},"21":{"start":{"line":60,"column":24},"end":{"line":60,"column":72}},"22":{"start":{"line":62,"column":8},"end":{"line":64,"column":9}},"23":{"start":{"line":63,"column":12},"end":{"line":63,"column":66}},"24":{"start":{"line":66,"column":24},"end":{"line":66,"column":47}},"25":{"start":{"line":68,"column":8},"end":{"line":70,"column":9}},"26":{"start":{"line":69,"column":12},"end":{"line":69,"column":66}},"27":{"start":{"line":72,"column":22},"end":{"line":72,"column":51}},"28":{"start":{"line":74,"column":8},"end":{"line":76,"column":9}},"29":{"start":{"line":75,"column":12},"end":{"line":75,"column":59}},"30":{"start":{"line":78,"column":8},"end":{"line":89,"column":9}},"31":{"start":{"line":79,"column":12},"end":{"line":81,"column":15}},"32":{"start":{"line":83,"column":12},"end":{"line":83,"column":31}},"33":{"start":{"line":85,"column":12},"end":{"line":85,"column":28}},"34":{"start":{"line":88,"column":12},"end":{"line":88,"column":36}},"35":{"start":{"line":95,"column":24},"end":{"line":95,"column":42}},"36":{"start":{"line":97,"column":24},"end":{"line":97,"column":72}},"37":{"start":{"line":99,"column":8},"end":{"line":101,"column":9}},"38":{"start":{"line":100,"column":12},"end":{"line":100,"column":66}},"39":{"start":{"line":103,"column":23},"end":{"line":103,"column":62}},"40":{"start":{"line":105,"column":8},"end":{"line":110,"column":9}},"41":{"start":{"line":106,"column":12},"end":{"line":106,"column":59}},"42":{"start":{"line":109,"column":12},"end":{"line":109,"column":58}},"43":{"start":{"line":114,"column":0},"end":{"line":114,"column":29}}},"fnMap":{"0":{"name":"(anonymous_0)","decl":{"start":{"line":7,"column":4},"end":{"line":7,"column":5}},"loc":{"start":{"line":7,"column":29},"end":{"line":27,"column":5}},"line":7},"1":{"name":"(anonymous_1)","decl":{"start":{"line":30,"column":4},"end":{"line":30,"column":5}},"loc":{"start":{"line":30,"column":33},"end":{"line":33,"column":5}},"line":30},"2":{"name":"(anonymous_2)","decl":{"start":{"line":36,"column":4},"end":{"line":36,"column":5}},"loc":{"start":{"line":36,"column":33},"end":{"line":53,"column":5}},"line":36},"3":{"name":"(anonymous_3)","decl":{"start":{"line":56,"column":4},"end":{"line":56,"column":5}},"loc":{"start":{"line":56,"column":32},"end":{"line":90,"column":5}},"line":56},"4":{"name":"(anonymous_4)","decl":{"start":{"line":93,"column":4},"end":{"line":93,"column":5}},"loc":{"start":{"line":93,"column":31},"end":{"line":111,"column":5}},"line":93}},"branchMap":{"0":{"loc":{"start":{"line":11,"column":8},"end":{"line":13,"column":9}},"type":"if","locations":[{"start":{"line":11,"column":8},"end":{"line":13,"column":9}},{"start":{"line":11,"column":8},"end":{"line":13,"column":9}}],"line":11},"1":{"loc":{"start":{"line":42,"column":8},"end":{"line":44,"column":9}},"type":"if","locations":[{"start":{"line":42,"column":8},"end":{"line":44,"column":9}},{"start":{"line":42,"column":8},"end":{"line":44,"column":9}}],"line":42},"2":{"loc":{"start":{"line":48,"column":8},"end":{"line":50,"column":9}},"type":"if","locations":[{"start":{"line":48,"column":8},"end":{"line":50,"column":9}},{"start":{"line":48,"column":8},"end":{"line":50,"column":9}}],"line":48},"3":{"loc":{"start":{"line":62,"column":8},"end":{"line":64,"column":9}},"type":"if","locations":[{"start":{"line":62,"column":8},"end":{"line":64,"column":9}},{"start":{"line":62,"column":8},"end":{"line":64,"column":9}}],"line":62},"4":{"loc":{"start":{"line":68,"column":8},"end":{"line":70,"column":9}},"type":"if","locations":[{"start":{"line":68,"column":8},"end":{"line":70,"column":9}},{"start":{"line":68,"column":8},"end":{"line":70,"column":9}}],"line":68},"5":{"loc":{"start":{"line":74,"column":8},"end":{"line":76,"column":9}},"type":"if","locations":[{"start":{"line":74,"column":8},"end":{"line":76,"column":9}},{"start":{"line":74,"column":8},"end":{"line":76,"column":9}}],"line":74},"6":{"loc":{"start":{"line":99,"column":8},"end":{"line":101,"column":9}},"type":"if","locations":[{"start":{"line":99,"column":8},"end":{"line":101,"column":9}},{"start":{"line":99,"column":8},"end":{"line":101,"column":9}}],"line":99},"7":{"loc":{"start":{"line":105,"column":8},"end":{"line":110,"column":9}},"type":"if","locations":[{"start":{"line":105,"column":8},"end":{"line":110,"column":9}},{"start":{"line":105,"column":8},"end":{"line":110,"column":9}}],"line":105}},"s":{"0":1,"1":1,"2":3,"3":3,"4":1,"5":2,"6":2,"7":2,"8":2,"9":0,"10":1,"11":1,"12":3,"13":3,"14":3,"15":1,"16":2,"17":2,"18":1,"19":1,"20":5,"21":5,"22":5,"23":1,"24":4,"25":4,"26":1,"27":3,"28":3,"29":1,"30":2,"31":2,"32":2,"33":2,"34":0,"35":3,"36":3,"37":3,"38":1,"39":2,"40":2,"41":1,"42":1,"43":1},"f":{"0":3,"1":1,"2":3,"3":5,"4":3},"b":{"0":[1,2],"1":[1,2],"2":[1,1],"3":[1,4],"4":[1,3],"5":[1,2],"6":[1,2],"7":[1,1]},"_coverageSchema":"332fd63041d2c1bcb487cc26dd0d5f7d97098a6c","hash":"4072878e4abe27d774399301ae73ad431f30408c"}
,"C:\\Nihar\\Radixweb\\NodeJs\\Myntra\\domain\\category.domain.js": {"path":"C:\\Nihar\\Radixweb\\NodeJs\\Myntra\\domain\\category.domain.js","statementMap":{"0":{"start":{"line":1,"column":39},"end":{"line":1,"column":74}},"1":{"start":{"line":2,"column":12},"end":{"line":2,"column":26}},"2":{"start":{"line":9,"column":26},"end":{"line":9,"column":52}},"3":{"start":{"line":11,"column":8},"end":{"line":13,"column":9}},"4":{"start":{"line":12,"column":12},"end":{"line":12,"column":66}},"5":{"start":{"line":15,"column":8},"end":{"line":26,"column":9}},"6":{"start":{"line":16,"column":29},"end":{"line":18,"column":14}},"7":{"start":{"line":20,"column":12},"end":{"line":20,"column":34}},"8":{"start":{"line":22,"column":12},"end":{"line":22,"column":31}},"9":{"start":{"line":25,"column":12},"end":{"line":25,"column":36}},"10":{"start":{"line":31,"column":27},"end":{"line":31,"column":71}},"11":{"start":{"line":32,"column":8},"end":{"line":32,"column":29}},"12":{"start":{"line":38,"column":27},"end":{"line":38,"column":48}},"13":{"start":{"line":40,"column":24},"end":{"line":40,"column":75}},"14":{"start":{"line":42,"column":8},"end":{"line":44,"column":9}},"15":{"start":{"line":43,"column":12},"end":{"line":43,"column":66}},"16":{"start":{"line":46,"column":24},"end":{"line":46,"column":82}},"17":{"start":{"line":48,"column":8},"end":{"line":50,"column":9}},"18":{"start":{"line":49,"column":12},"end":{"line":49,"column":62}},"19":{"start":{"line":52,"column":8},"end":{"line":52,"column":26}},"20":{"start":{"line":58,"column":27},"end":{"line":58,"column":48}},"21":{"start":{"line":60,"column":24},"end":{"line":60,"column":75}},"22":{"start":{"line":62,"column":8},"end":{"line":64,"column":9}},"23":{"start":{"line":63,"column":12},"end":{"line":63,"column":66}},"24":{"start":{"line":66,"column":24},"end":{"line":66,"column":50}},"25":{"start":{"line":68,"column":8},"end":{"line":70,"column":9}},"26":{"start":{"line":69,"column":12},"end":{"line":69,"column":66}},"27":{"start":{"line":72,"column":25},"end":{"line":72,"column":60}},"28":{"start":{"line":74,"column":8},"end":{"line":76,"column":9}},"29":{"start":{"line":75,"column":12},"end":{"line":75,"column":62}},"30":{"start":{"line":78,"column":8},"end":{"line":89,"column":9}},"31":{"start":{"line":79,"column":12},"end":{"line":81,"column":15}},"32":{"start":{"line":83,"column":12},"end":{"line":83,"column":34}},"33":{"start":{"line":85,"column":12},"end":{"line":85,"column":31}},"34":{"start":{"line":88,"column":12},"end":{"line":88,"column":36}},"35":{"start":{"line":95,"column":27},"end":{"line":95,"column":48}},"36":{"start":{"line":97,"column":24},"end":{"line":97,"column":75}},"37":{"start":{"line":99,"column":8},"end":{"line":101,"column":9}},"38":{"start":{"line":100,"column":12},"end":{"line":100,"column":66}},"39":{"start":{"line":103,"column":23},"end":{"line":103,"column":68}},"40":{"start":{"line":105,"column":8},"end":{"line":110,"column":9}},"41":{"start":{"line":106,"column":12},"end":{"line":106,"column":62}},"42":{"start":{"line":109,"column":12},"end":{"line":109,"column":61}},"43":{"start":{"line":115,"column":0},"end":{"line":115,"column":32}}},"fnMap":{"0":{"name":"(anonymous_0)","decl":{"start":{"line":7,"column":4},"end":{"line":7,"column":5}},"loc":{"start":{"line":7,"column":32},"end":{"line":27,"column":5}},"line":7},"1":{"name":"(anonymous_1)","decl":{"start":{"line":30,"column":4},"end":{"line":30,"column":5}},"loc":{"start":{"line":30,"column":37},"end":{"line":33,"column":5}},"line":30},"2":{"name":"(anonymous_2)","decl":{"start":{"line":36,"column":4},"end":{"line":36,"column":5}},"loc":{"start":{"line":36,"column":36},"end":{"line":53,"column":5}},"line":36},"3":{"name":"(anonymous_3)","decl":{"start":{"line":56,"column":4},"end":{"line":56,"column":5}},"loc":{"start":{"line":56,"column":35},"end":{"line":90,"column":5}},"line":56},"4":{"name":"(anonymous_4)","decl":{"start":{"line":93,"column":4},"end":{"line":93,"column":5}},"loc":{"start":{"line":93,"column":34},"end":{"line":111,"column":5}},"line":93}},"branchMap":{"0":{"loc":{"start":{"line":11,"column":8},"end":{"line":13,"column":9}},"type":"if","locations":[{"start":{"line":11,"column":8},"end":{"line":13,"column":9}},{"start":{"line":11,"column":8},"end":{"line":13,"column":9}}],"line":11},"1":{"loc":{"start":{"line":42,"column":8},"end":{"line":44,"column":9}},"type":"if","locations":[{"start":{"line":42,"column":8},"end":{"line":44,"column":9}},{"start":{"line":42,"column":8},"end":{"line":44,"column":9}}],"line":42},"2":{"loc":{"start":{"line":48,"column":8},"end":{"line":50,"column":9}},"type":"if","locations":[{"start":{"line":48,"column":8},"end":{"line":50,"column":9}},{"start":{"line":48,"column":8},"end":{"line":50,"column":9}}],"line":48},"3":{"loc":{"start":{"line":62,"column":8},"end":{"line":64,"column":9}},"type":"if","locations":[{"start":{"line":62,"column":8},"end":{"line":64,"column":9}},{"start":{"line":62,"column":8},"end":{"line":64,"column":9}}],"line":62},"4":{"loc":{"start":{"line":68,"column":8},"end":{"line":70,"column":9}},"type":"if","locations":[{"start":{"line":68,"column":8},"end":{"line":70,"column":9}},{"start":{"line":68,"column":8},"end":{"line":70,"column":9}}],"line":68},"5":{"loc":{"start":{"line":74,"column":8},"end":{"line":76,"column":9}},"type":"if","locations":[{"start":{"line":74,"column":8},"end":{"line":76,"column":9}},{"start":{"line":74,"column":8},"end":{"line":76,"column":9}}],"line":74},"6":{"loc":{"start":{"line":99,"column":8},"end":{"line":101,"column":9}},"type":"if","locations":[{"start":{"line":99,"column":8},"end":{"line":101,"column":9}},{"start":{"line":99,"column":8},"end":{"line":101,"column":9}}],"line":99},"7":{"loc":{"start":{"line":105,"column":8},"end":{"line":110,"column":9}},"type":"if","locations":[{"start":{"line":105,"column":8},"end":{"line":110,"column":9}},{"start":{"line":105,"column":8},"end":{"line":110,"column":9}}],"line":105}},"s":{"0":1,"1":1,"2":0,"3":0,"4":0,"5":0,"6":0,"7":0,"8":0,"9":0,"10":0,"11":0,"12":0,"13":0,"14":0,"15":0,"16":0,"17":0,"18":0,"19":0,"20":0,"21":0,"22":0,"23":0,"24":0,"25":0,"26":0,"27":0,"28":0,"29":0,"30":0,"31":0,"32":0,"33":0,"34":0,"35":0,"36":0,"37":0,"38":0,"39":0,"40":0,"41":0,"42":0,"43":1},"f":{"0":0,"1":0,"2":0,"3":0,"4":0},"b":{"0":[0,0],"1":[0,0],"2":[0,0],"3":[0,0],"4":[0,0],"5":[0,0],"6":[0,0],"7":[0,0]},"_coverageSchema":"332fd63041d2c1bcb487cc26dd0d5f7d97098a6c","hash":"76b7910686fdd4fd970d50960bdb2bde948d0bbc"}
,"C:\\Nihar\\Radixweb\\NodeJs\\Myntra\\domain\\city.domain.js": {"path":"C:\\Nihar\\Radixweb\\NodeJs\\Myntra\\domain\\city.domain.js","statementMap":{"0":{"start":{"line":1,"column":31},"end":{"line":1,"column":62}},"1":{"start":{"line":2,"column":12},"end":{"line":2,"column":26}},"2":{"start":{"line":9,"column":26},"end":{"line":9,"column":48}},"3":{"start":{"line":11,"column":8},"end":{"line":13,"column":9}},"4":{"start":{"line":12,"column":12},"end":{"line":12,"column":66}},"5":{"start":{"line":15,"column":8},"end":{"line":27,"column":9}},"6":{"start":{"line":16,"column":25},"end":{"line":19,"column":14}},"7":{"start":{"line":21,"column":12},"end":{"line":21,"column":30}},"8":{"start":{"line":23,"column":12},"end":{"line":23,"column":27}},"9":{"start":{"line":26,"column":12},"end":{"line":26,"column":36}},"10":{"start":{"line":32,"column":23},"end":{"line":41,"column":29}},"11":{"start":{"line":42,"column":8},"end":{"line":42,"column":25}},"12":{"start":{"line":48,"column":23},"end":{"line":48,"column":40}},"13":{"start":{"line":50,"column":24},"end":{"line":50,"column":71}},"14":{"start":{"line":52,"column":8},"end":{"line":54,"column":9}},"15":{"start":{"line":53,"column":12},"end":{"line":53,"column":66}},"16":{"start":{"line":56,"column":21},"end":{"line":65,"column":29}},"17":{"start":{"line":67,"column":8},"end":{"line":69,"column":9}},"18":{"start":{"line":68,"column":12},"end":{"line":68,"column":58}},"19":{"start":{"line":71,"column":8},"end":{"line":71,"column":23}},"20":{"start":{"line":77,"column":23},"end":{"line":77,"column":40}},"21":{"start":{"line":79,"column":24},"end":{"line":79,"column":71}},"22":{"start":{"line":81,"column":8},"end":{"line":83,"column":9}},"23":{"start":{"line":82,"column":12},"end":{"line":82,"column":66}},"24":{"start":{"line":85,"column":24},"end":{"line":85,"column":46}},"25":{"start":{"line":87,"column":8},"end":{"line":89,"column":9}},"26":{"start":{"line":88,"column":12},"end":{"line":88,"column":66}},"27":{"start":{"line":91,"column":21},"end":{"line":91,"column":48}},"28":{"start":{"line":93,"column":8},"end":{"line":95,"column":9}},"29":{"start":{"line":94,"column":12},"end":{"line":94,"column":58}},"30":{"start":{"line":97,"column":8},"end":{"line":109,"column":9}},"31":{"start":{"line":98,"column":12},"end":{"line":101,"column":15}},"32":{"start":{"line":103,"column":12},"end":{"line":103,"column":30}},"33":{"start":{"line":105,"column":12},"end":{"line":105,"column":27}},"34":{"start":{"line":108,"column":12},"end":{"line":108,"column":36}},"35":{"start":{"line":115,"column":23},"end":{"line":115,"column":40}},"36":{"start":{"line":117,"column":24},"end":{"line":117,"column":71}},"37":{"start":{"line":119,"column":8},"end":{"line":121,"column":9}},"38":{"start":{"line":120,"column":12},"end":{"line":120,"column":66}},"39":{"start":{"line":123,"column":23},"end":{"line":123,"column":60}},"40":{"start":{"line":125,"column":8},"end":{"line":130,"column":9}},"41":{"start":{"line":126,"column":12},"end":{"line":126,"column":58}},"42":{"start":{"line":129,"column":12},"end":{"line":129,"column":57}},"43":{"start":{"line":135,"column":0},"end":{"line":135,"column":28}}},"fnMap":{"0":{"name":"(anonymous_0)","decl":{"start":{"line":7,"column":4},"end":{"line":7,"column":5}},"loc":{"start":{"line":7,"column":28},"end":{"line":28,"column":5}},"line":7},"1":{"name":"(anonymous_1)","decl":{"start":{"line":31,"column":4},"end":{"line":31,"column":5}},"loc":{"start":{"line":31,"column":33},"end":{"line":43,"column":5}},"line":31},"2":{"name":"(anonymous_2)","decl":{"start":{"line":46,"column":4},"end":{"line":46,"column":5}},"loc":{"start":{"line":46,"column":32},"end":{"line":72,"column":5}},"line":46},"3":{"name":"(anonymous_3)","decl":{"start":{"line":75,"column":4},"end":{"line":75,"column":5}},"loc":{"start":{"line":75,"column":31},"end":{"line":110,"column":5}},"line":75},"4":{"name":"(anonymous_4)","decl":{"start":{"line":113,"column":4},"end":{"line":113,"column":5}},"loc":{"start":{"line":113,"column":30},"end":{"line":131,"column":5}},"line":113}},"branchMap":{"0":{"loc":{"start":{"line":11,"column":8},"end":{"line":13,"column":9}},"type":"if","locations":[{"start":{"line":11,"column":8},"end":{"line":13,"column":9}},{"start":{"line":11,"column":8},"end":{"line":13,"column":9}}],"line":11},"1":{"loc":{"start":{"line":52,"column":8},"end":{"line":54,"column":9}},"type":"if","locations":[{"start":{"line":52,"column":8},"end":{"line":54,"column":9}},{"start":{"line":52,"column":8},"end":{"line":54,"column":9}}],"line":52},"2":{"loc":{"start":{"line":67,"column":8},"end":{"line":69,"column":9}},"type":"if","locations":[{"start":{"line":67,"column":8},"end":{"line":69,"column":9}},{"start":{"line":67,"column":8},"end":{"line":69,"column":9}}],"line":67},"3":{"loc":{"start":{"line":81,"column":8},"end":{"line":83,"column":9}},"type":"if","locations":[{"start":{"line":81,"column":8},"end":{"line":83,"column":9}},{"start":{"line":81,"column":8},"end":{"line":83,"column":9}}],"line":81},"4":{"loc":{"start":{"line":87,"column":8},"end":{"line":89,"column":9}},"type":"if","locations":[{"start":{"line":87,"column":8},"end":{"line":89,"column":9}},{"start":{"line":87,"column":8},"end":{"line":89,"column":9}}],"line":87},"5":{"loc":{"start":{"line":93,"column":8},"end":{"line":95,"column":9}},"type":"if","locations":[{"start":{"line":93,"column":8},"end":{"line":95,"column":9}},{"start":{"line":93,"column":8},"end":{"line":95,"column":9}}],"line":93},"6":{"loc":{"start":{"line":119,"column":8},"end":{"line":121,"column":9}},"type":"if","locations":[{"start":{"line":119,"column":8},"end":{"line":121,"column":9}},{"start":{"line":119,"column":8},"end":{"line":121,"column":9}}],"line":119},"7":{"loc":{"start":{"line":125,"column":8},"end":{"line":130,"column":9}},"type":"if","locations":[{"start":{"line":125,"column":8},"end":{"line":130,"column":9}},{"start":{"line":125,"column":8},"end":{"line":130,"column":9}}],"line":125}},"s":{"0":1,"1":1,"2":0,"3":0,"4":0,"5":0,"6":0,"7":0,"8":0,"9":0,"10":0,"11":0,"12":0,"13":0,"14":0,"15":0,"16":0,"17":0,"18":0,"19":0,"20":0,"21":0,"22":0,"23":0,"24":0,"25":0,"26":0,"27":0,"28":0,"29":0,"30":0,"31":0,"32":0,"33":0,"34":0,"35":0,"36":0,"37":0,"38":0,"39":0,"40":0,"41":0,"42":0,"43":1},"f":{"0":0,"1":0,"2":0,"3":0,"4":0},"b":{"0":[0,0],"1":[0,0],"2":[0,0],"3":[0,0],"4":[0,0],"5":[0,0],"6":[0,0],"7":[0,0]},"_coverageSchema":"332fd63041d2c1bcb487cc26dd0d5f7d97098a6c","hash":"7ceeea8185842daefe03a1c4f162c566f64d2a49"}
,"C:\\Nihar\\Radixweb\\NodeJs\\Myntra\\domain\\country.domain.js": {"path":"C:\\Nihar\\Radixweb\\NodeJs\\Myntra\\domain\\country.domain.js","statementMap":{"0":{"start":{"line":1,"column":37},"end":{"line":1,"column":71}},"1":{"start":{"line":2,"column":12},"end":{"line":2,"column":26}},"2":{"start":{"line":9,"column":26},"end":{"line":9,"column":51}},"3":{"start":{"line":11,"column":8},"end":{"line":13,"column":9}},"4":{"start":{"line":12,"column":12},"end":{"line":12,"column":66}},"5":{"start":{"line":15,"column":8},"end":{"line":26,"column":9}},"6":{"start":{"line":16,"column":28},"end":{"line":18,"column":14}},"7":{"start":{"line":20,"column":12},"end":{"line":20,"column":33}},"8":{"start":{"line":22,"column":12},"end":{"line":22,"column":30}},"9":{"start":{"line":25,"column":12},"end":{"line":25,"column":36}},"10":{"start":{"line":31,"column":26},"end":{"line":31,"column":68}},"11":{"start":{"line":32,"column":8},"end":{"line":32,"column":28}},"12":{"start":{"line":38,"column":26},"end":{"line":38,"column":46}},"13":{"start":{"line":40,"column":24},"end":{"line":40,"column":74}},"14":{"start":{"line":42,"column":8},"end":{"line":44,"column":9}},"15":{"start":{"line":43,"column":12},"end":{"line":43,"column":66}},"16":{"start":{"line":46,"column":24},"end":{"line":46,"column":79}},"17":{"start":{"line":48,"column":8},"end":{"line":50,"column":9}},"18":{"start":{"line":49,"column":12},"end":{"line":49,"column":61}},"19":{"start":{"line":52,"column":8},"end":{"line":52,"column":26}},"20":{"start":{"line":58,"column":26},"end":{"line":58,"column":46}},"21":{"start":{"line":60,"column":24},"end":{"line":60,"column":74}},"22":{"start":{"line":62,"column":8},"end":{"line":64,"column":9}},"23":{"start":{"line":63,"column":12},"end":{"line":63,"column":66}},"24":{"start":{"line":66,"column":24},"end":{"line":66,"column":49}},"25":{"start":{"line":68,"column":8},"end":{"line":70,"column":9}},"26":{"start":{"line":69,"column":12},"end":{"line":69,"column":66}},"27":{"start":{"line":72,"column":24},"end":{"line":72,"column":57}},"28":{"start":{"line":74,"column":8},"end":{"line":76,"column":9}},"29":{"start":{"line":75,"column":12},"end":{"line":75,"column":61}},"30":{"start":{"line":78,"column":8},"end":{"line":89,"column":9}},"31":{"start":{"line":79,"column":12},"end":{"line":81,"column":15}},"32":{"start":{"line":83,"column":12},"end":{"line":83,"column":33}},"33":{"start":{"line":85,"column":12},"end":{"line":85,"column":30}},"34":{"start":{"line":88,"column":12},"end":{"line":88,"column":36}},"35":{"start":{"line":95,"column":26},"end":{"line":95,"column":46}},"36":{"start":{"line":97,"column":24},"end":{"line":97,"column":74}},"37":{"start":{"line":99,"column":8},"end":{"line":101,"column":9}},"38":{"start":{"line":100,"column":12},"end":{"line":100,"column":66}},"39":{"start":{"line":103,"column":23},"end":{"line":103,"column":66}},"40":{"start":{"line":105,"column":8},"end":{"line":110,"column":9}},"41":{"start":{"line":106,"column":12},"end":{"line":106,"column":61}},"42":{"start":{"line":109,"column":12},"end":{"line":109,"column":60}},"43":{"start":{"line":115,"column":0},"end":{"line":115,"column":31}}},"fnMap":{"0":{"name":"(anonymous_0)","decl":{"start":{"line":7,"column":4},"end":{"line":7,"column":5}},"loc":{"start":{"line":7,"column":31},"end":{"line":27,"column":5}},"line":7},"1":{"name":"(anonymous_1)","decl":{"start":{"line":30,"column":4},"end":{"line":30,"column":5}},"loc":{"start":{"line":30,"column":35},"end":{"line":33,"column":5}},"line":30},"2":{"name":"(anonymous_2)","decl":{"start":{"line":36,"column":4},"end":{"line":36,"column":5}},"loc":{"start":{"line":36,"column":35},"end":{"line":53,"column":5}},"line":36},"3":{"name":"(anonymous_3)","decl":{"start":{"line":56,"column":4},"end":{"line":56,"column":5}},"loc":{"start":{"line":56,"column":34},"end":{"line":90,"column":5}},"line":56},"4":{"name":"(anonymous_4)","decl":{"start":{"line":93,"column":4},"end":{"line":93,"column":5}},"loc":{"start":{"line":93,"column":33},"end":{"line":111,"column":5}},"line":93}},"branchMap":{"0":{"loc":{"start":{"line":11,"column":8},"end":{"line":13,"column":9}},"type":"if","locations":[{"start":{"line":11,"column":8},"end":{"line":13,"column":9}},{"start":{"line":11,"column":8},"end":{"line":13,"column":9}}],"line":11},"1":{"loc":{"start":{"line":42,"column":8},"end":{"line":44,"column":9}},"type":"if","locations":[{"start":{"line":42,"column":8},"end":{"line":44,"column":9}},{"start":{"line":42,"column":8},"end":{"line":44,"column":9}}],"line":42},"2":{"loc":{"start":{"line":48,"column":8},"end":{"line":50,"column":9}},"type":"if","locations":[{"start":{"line":48,"column":8},"end":{"line":50,"column":9}},{"start":{"line":48,"column":8},"end":{"line":50,"column":9}}],"line":48},"3":{"loc":{"start":{"line":62,"column":8},"end":{"line":64,"column":9}},"type":"if","locations":[{"start":{"line":62,"column":8},"end":{"line":64,"column":9}},{"start":{"line":62,"column":8},"end":{"line":64,"column":9}}],"line":62},"4":{"loc":{"start":{"line":68,"column":8},"end":{"line":70,"column":9}},"type":"if","locations":[{"start":{"line":68,"column":8},"end":{"line":70,"column":9}},{"start":{"line":68,"column":8},"end":{"line":70,"column":9}}],"line":68},"5":{"loc":{"start":{"line":74,"column":8},"end":{"line":76,"column":9}},"type":"if","locations":[{"start":{"line":74,"column":8},"end":{"line":76,"column":9}},{"start":{"line":74,"column":8},"end":{"line":76,"column":9}}],"line":74},"6":{"loc":{"start":{"line":99,"column":8},"end":{"line":101,"column":9}},"type":"if","locations":[{"start":{"line":99,"column":8},"end":{"line":101,"column":9}},{"start":{"line":99,"column":8},"end":{"line":101,"column":9}}],"line":99},"7":{"loc":{"start":{"line":105,"column":8},"end":{"line":110,"column":9}},"type":"if","locations":[{"start":{"line":105,"column":8},"end":{"line":110,"column":9}},{"start":{"line":105,"column":8},"end":{"line":110,"column":9}}],"line":105}},"s":{"0":1,"1":1,"2":0,"3":0,"4":0,"5":0,"6":0,"7":0,"8":0,"9":0,"10":0,"11":0,"12":0,"13":0,"14":0,"15":0,"16":0,"17":0,"18":0,"19":0,"20":0,"21":0,"22":0,"23":0,"24":0,"25":0,"26":0,"27":0,"28":0,"29":0,"30":0,"31":0,"32":0,"33":0,"34":0,"35":0,"36":0,"37":0,"38":0,"39":0,"40":0,"41":0,"42":0,"43":1},"f":{"0":0,"1":0,"2":0,"3":0,"4":0},"b":{"0":[0,0],"1":[0,0],"2":[0,0],"3":[0,0],"4":[0,0],"5":[0,0],"6":[0,0],"7":[0,0]},"_coverageSchema":"332fd63041d2c1bcb487cc26dd0d5f7d97098a6c","hash":"8c941c87725f85289290dcab2843eea4a3650153"}
,"C:\\Nihar\\Radixweb\\NodeJs\\Myntra\\domain\\customer.domain.js": {"path":"C:\\Nihar\\Radixweb\\NodeJs\\Myntra\\domain\\customer.domain.js","statementMap":{"0":{"start":{"line":1,"column":39},"end":{"line":1,"column":74}},"1":{"start":{"line":2,"column":12},"end":{"line":2,"column":26}},"2":{"start":{"line":3,"column":15},"end":{"line":3,"column":32}},"3":{"start":{"line":4,"column":10},"end":{"line":4,"column":27}},"4":{"start":{"line":11,"column":26},"end":{"line":11,"column":52}},"5":{"start":{"line":13,"column":8},"end":{"line":15,"column":9}},"6":{"start":{"line":14,"column":12},"end":{"line":14,"column":54}},"7":{"start":{"line":17,"column":8},"end":{"line":43,"column":9}},"8":{"start":{"line":19,"column":25},"end":{"line":19,"column":49}},"9":{"start":{"line":20,"column":35},"end":{"line":20,"column":77}},"10":{"start":{"line":22,"column":29},"end":{"line":35,"column":14}},"11":{"start":{"line":37,"column":12},"end":{"line":37,"column":34}},"12":{"start":{"line":39,"column":12},"end":{"line":39,"column":118}},"13":{"start":{"line":42,"column":12},"end":{"line":42,"column":36}},"14":{"start":{"line":48,"column":8},"end":{"line":54,"column":9}},"15":{"start":{"line":49,"column":30},"end":{"line":49,"column":51}},"16":{"start":{"line":50,"column":12},"end":{"line":50,"column":32}},"17":{"start":{"line":53,"column":12},"end":{"line":53,"column":20}},"18":{"start":{"line":61,"column":27},"end":{"line":61,"column":48}},"19":{"start":{"line":63,"column":26},"end":{"line":63,"column":77}},"20":{"start":{"line":65,"column":8},"end":{"line":67,"column":9}},"21":{"start":{"line":66,"column":12},"end":{"line":66,"column":66}},"22":{"start":{"line":69,"column":25},"end":{"line":69,"column":60}},"23":{"start":{"line":71,"column":8},"end":{"line":73,"column":9}},"24":{"start":{"line":72,"column":12},"end":{"line":72,"column":62}},"25":{"start":{"line":75,"column":8},"end":{"line":75,"column":114}},"26":{"start":{"line":81,"column":27},"end":{"line":81,"column":48}},"27":{"start":{"line":83,"column":24},"end":{"line":83,"column":75}},"28":{"start":{"line":85,"column":8},"end":{"line":87,"column":9}},"29":{"start":{"line":86,"column":12},"end":{"line":86,"column":66}},"30":{"start":{"line":89,"column":24},"end":{"line":89,"column":50}},"31":{"start":{"line":91,"column":8},"end":{"line":93,"column":9}},"32":{"start":{"line":92,"column":12},"end":{"line":92,"column":54}},"33":{"start":{"line":95,"column":25},"end":{"line":95,"column":60}},"34":{"start":{"line":97,"column":8},"end":{"line":99,"column":9}},"35":{"start":{"line":98,"column":12},"end":{"line":98,"column":62}},"36":{"start":{"line":101,"column":8},"end":{"line":127,"column":9}},"37":{"start":{"line":103,"column":25},"end":{"line":103,"column":49}},"38":{"start":{"line":104,"column":35},"end":{"line":104,"column":77}},"39":{"start":{"line":106,"column":12},"end":{"line":119,"column":15}},"40":{"start":{"line":121,"column":12},"end":{"line":121,"column":34}},"41":{"start":{"line":123,"column":12},"end":{"line":123,"column":118}},"42":{"start":{"line":126,"column":12},"end":{"line":126,"column":36}},"43":{"start":{"line":133,"column":27},"end":{"line":133,"column":48}},"44":{"start":{"line":135,"column":24},"end":{"line":135,"column":75}},"45":{"start":{"line":137,"column":8},"end":{"line":139,"column":9}},"46":{"start":{"line":138,"column":12},"end":{"line":138,"column":66}},"47":{"start":{"line":141,"column":23},"end":{"line":141,"column":68}},"48":{"start":{"line":143,"column":8},"end":{"line":148,"column":9}},"49":{"start":{"line":144,"column":12},"end":{"line":144,"column":62}},"50":{"start":{"line":147,"column":12},"end":{"line":147,"column":61}},"51":{"start":{"line":154,"column":0},"end":{"line":154,"column":32}}},"fnMap":{"0":{"name":"(anonymous_0)","decl":{"start":{"line":9,"column":4},"end":{"line":9,"column":5}},"loc":{"start":{"line":9,"column":32},"end":{"line":44,"column":5}},"line":9},"1":{"name":"(anonymous_1)","decl":{"start":{"line":47,"column":4},"end":{"line":47,"column":5}},"loc":{"start":{"line":47,"column":42},"end":{"line":56,"column":5}},"line":47},"2":{"name":"(anonymous_2)","decl":{"start":{"line":59,"column":4},"end":{"line":59,"column":5}},"loc":{"start":{"line":59,"column":36},"end":{"line":76,"column":5}},"line":59},"3":{"name":"(anonymous_3)","decl":{"start":{"line":79,"column":4},"end":{"line":79,"column":5}},"loc":{"start":{"line":79,"column":35},"end":{"line":128,"column":5}},"line":79},"4":{"name":"(anonymous_4)","decl":{"start":{"line":131,"column":4},"end":{"line":131,"column":5}},"loc":{"start":{"line":131,"column":35},"end":{"line":150,"column":5}},"line":131}},"branchMap":{"0":{"loc":{"start":{"line":13,"column":8},"end":{"line":15,"column":9}},"type":"if","locations":[{"start":{"line":13,"column":8},"end":{"line":15,"column":9}},{"start":{"line":13,"column":8},"end":{"line":15,"column":9}}],"line":13},"1":{"loc":{"start":{"line":65,"column":8},"end":{"line":67,"column":9}},"type":"if","locations":[{"start":{"line":65,"column":8},"end":{"line":67,"column":9}},{"start":{"line":65,"column":8},"end":{"line":67,"column":9}}],"line":65},"2":{"loc":{"start":{"line":71,"column":8},"end":{"line":73,"column":9}},"type":"if","locations":[{"start":{"line":71,"column":8},"end":{"line":73,"column":9}},{"start":{"line":71,"column":8},"end":{"line":73,"column":9}}],"line":71},"3":{"loc":{"start":{"line":85,"column":8},"end":{"line":87,"column":9}},"type":"if","locations":[{"start":{"line":85,"column":8},"end":{"line":87,"column":9}},{"start":{"line":85,"column":8},"end":{"line":87,"column":9}}],"line":85},"4":{"loc":{"start":{"line":91,"column":8},"end":{"line":93,"column":9}},"type":"if","locations":[{"start":{"line":91,"column":8},"end":{"line":93,"column":9}},{"start":{"line":91,"column":8},"end":{"line":93,"column":9}}],"line":91},"5":{"loc":{"start":{"line":97,"column":8},"end":{"line":99,"column":9}},"type":"if","locations":[{"start":{"line":97,"column":8},"end":{"line":99,"column":9}},{"start":{"line":97,"column":8},"end":{"line":99,"column":9}}],"line":97},"6":{"loc":{"start":{"line":137,"column":8},"end":{"line":139,"column":9}},"type":"if","locations":[{"start":{"line":137,"column":8},"end":{"line":139,"column":9}},{"start":{"line":137,"column":8},"end":{"line":139,"column":9}}],"line":137},"7":{"loc":{"start":{"line":143,"column":8},"end":{"line":148,"column":9}},"type":"if","locations":[{"start":{"line":143,"column":8},"end":{"line":148,"column":9}},{"start":{"line":143,"column":8},"end":{"line":148,"column":9}}],"line":143}},"s":{"0":1,"1":1,"2":1,"3":1,"4":0,"5":0,"6":0,"7":0,"8":0,"9":0,"10":0,"11":0,"12":0,"13":0,"14":0,"15":0,"16":0,"17":0,"18":0,"19":0,"20":0,"21":0,"22":0,"23":0,"24":0,"25":0,"26":0,"27":0,"28":0,"29":0,"30":0,"31":0,"32":0,"33":0,"34":0,"35":0,"36":0,"37":0,"38":0,"39":0,"40":0,"41":0,"42":0,"43":0,"44":0,"45":0,"46":0,"47":0,"48":0,"49":0,"50":0,"51":1},"f":{"0":0,"1":0,"2":0,"3":0,"4":0},"b":{"0":[0,0],"1":[0,0],"2":[0,0],"3":[0,0],"4":[0,0],"5":[0,0],"6":[0,0],"7":[0,0]},"_coverageSchema":"332fd63041d2c1bcb487cc26dd0d5f7d97098a6c","hash":"0b8a4c52c037b9283bc14f8cd8e3918004b023c7"}
,"C:\\Nihar\\Radixweb\\NodeJs\\Myntra\\domain\\order.domain.js": {"path":"C:\\Nihar\\Radixweb\\NodeJs\\Myntra\\domain\\order.domain.js","statementMap":{"0":{"start":{"line":1,"column":33},"end":{"line":1,"column":65}},"1":{"start":{"line":2,"column":21},"end":{"line":2,"column":56}},"2":{"start":{"line":3,"column":20},"end":{"line":3,"column":54}},"3":{"start":{"line":4,"column":12},"end":{"line":4,"column":26}},"4":{"start":{"line":11,"column":26},"end":{"line":11,"column":49}},"5":{"start":{"line":13,"column":8},"end":{"line":15,"column":9}},"6":{"start":{"line":14,"column":12},"end":{"line":14,"column":66}},"7":{"start":{"line":17,"column":8},"end":{"line":62,"column":9}},"8":{"start":{"line":19,"column":29},"end":{"line":19,"column":71}},"9":{"start":{"line":21,"column":12},"end":{"line":23,"column":13}},"10":{"start":{"line":22,"column":16},"end":{"line":22,"column":66}},"11":{"start":{"line":25,"column":29},"end":{"line":25,"column":46}},"12":{"start":{"line":27,"column":37},"end":{"line":27,"column":39}},"13":{"start":{"line":28,"column":29},"end":{"line":28,"column":30}},"14":{"start":{"line":30,"column":12},"end":{"line":47,"column":13}},"15":{"start":{"line":31,"column":16},"end":{"line":31,"column":60}},"16":{"start":{"line":33,"column":16},"end":{"line":35,"column":17}},"17":{"start":{"line":34,"column":20},"end":{"line":34,"column":82}},"18":{"start":{"line":37,"column":33},"end":{"line":42,"column":17}},"19":{"start":{"line":44,"column":16},"end":{"line":44,"column":50}},"20":{"start":{"line":46,"column":16},"end":{"line":46,"column":57}},"21":{"start":{"line":49,"column":26},"end":{"line":53,"column":14}},"22":{"start":{"line":55,"column":12},"end":{"line":55,"column":31}},"23":{"start":{"line":57,"column":12},"end":{"line":57,"column":28}},"24":{"start":{"line":61,"column":12},"end":{"line":61,"column":36}},"25":{"start":{"line":67,"column":23},"end":{"line":67,"column":41}},"26":{"start":{"line":68,"column":8},"end":{"line":68,"column":25}},"27":{"start":{"line":74,"column":24},"end":{"line":74,"column":42}},"28":{"start":{"line":76,"column":26},"end":{"line":76,"column":74}},"29":{"start":{"line":78,"column":8},"end":{"line":80,"column":9}},"30":{"start":{"line":79,"column":12},"end":{"line":79,"column":66}},"31":{"start":{"line":82,"column":22},"end":{"line":82,"column":51}},"32":{"start":{"line":84,"column":8},"end":{"line":86,"column":9}},"33":{"start":{"line":85,"column":12},"end":{"line":85,"column":59}},"34":{"start":{"line":88,"column":8},"end":{"line":88,"column":24}},"35":{"start":{"line":94,"column":24},"end":{"line":94,"column":42}},"36":{"start":{"line":96,"column":24},"end":{"line":96,"column":72}},"37":{"start":{"line":98,"column":8},"end":{"line":100,"column":9}},"38":{"start":{"line":99,"column":12},"end":{"line":99,"column":66}},"39":{"start":{"line":102,"column":24},"end":{"line":102,"column":47}},"40":{"start":{"line":104,"column":8},"end":{"line":106,"column":9}},"41":{"start":{"line":105,"column":12},"end":{"line":105,"column":66}},"42":{"start":{"line":108,"column":8},"end":{"line":163,"column":9}},"43":{"start":{"line":110,"column":26},"end":{"line":110,"column":55}},"44":{"start":{"line":112,"column":12},"end":{"line":114,"column":13}},"45":{"start":{"line":113,"column":16},"end":{"line":113,"column":56}},"46":{"start":{"line":116,"column":29},"end":{"line":116,"column":71}},"47":{"start":{"line":118,"column":12},"end":{"line":120,"column":13}},"48":{"start":{"line":119,"column":16},"end":{"line":119,"column":66}},"49":{"start":{"line":122,"column":29},"end":{"line":122,"column":46}},"50":{"start":{"line":124,"column":37},"end":{"line":124,"column":39}},"51":{"start":{"line":125,"column":29},"end":{"line":125,"column":30}},"52":{"start":{"line":127,"column":12},"end":{"line":144,"column":13}},"53":{"start":{"line":128,"column":16},"end":{"line":128,"column":60}},"54":{"start":{"line":130,"column":16},"end":{"line":132,"column":17}},"55":{"start":{"line":131,"column":20},"end":{"line":131,"column":82}},"56":{"start":{"line":134,"column":33},"end":{"line":139,"column":17}},"57":{"start":{"line":141,"column":16},"end":{"line":141,"column":50}},"58":{"start":{"line":143,"column":16},"end":{"line":143,"column":57}},"59":{"start":{"line":146,"column":12},"end":{"line":148,"column":15}},"60":{"start":{"line":150,"column":12},"end":{"line":154,"column":15}},"61":{"start":{"line":156,"column":12},"end":{"line":156,"column":31}},"62":{"start":{"line":158,"column":12},"end":{"line":158,"column":28}},"63":{"start":{"line":162,"column":12},"end":{"line":162,"column":36}},"64":{"start":{"line":169,"column":24},"end":{"line":169,"column":42}},"65":{"start":{"line":171,"column":24},"end":{"line":171,"column":72}},"66":{"start":{"line":173,"column":8},"end":{"line":175,"column":9}},"67":{"start":{"line":174,"column":12},"end":{"line":174,"column":66}},"68":{"start":{"line":177,"column":23},"end":{"line":177,"column":63}},"69":{"start":{"line":179,"column":8},"end":{"line":184,"column":9}},"70":{"start":{"line":180,"column":12},"end":{"line":180,"column":59}},"71":{"start":{"line":183,"column":12},"end":{"line":183,"column":58}},"72":{"start":{"line":189,"column":0},"end":{"line":189,"column":29}}},"fnMap":{"0":{"name":"(anonymous_0)","decl":{"start":{"line":9,"column":4},"end":{"line":9,"column":5}},"loc":{"start":{"line":9,"column":29},"end":{"line":63,"column":5}},"line":9},"1":{"name":"(anonymous_1)","decl":{"start":{"line":66,"column":4},"end":{"line":66,"column":5}},"loc":{"start":{"line":66,"column":33},"end":{"line":69,"column":5}},"line":66},"2":{"name":"(anonymous_2)","decl":{"start":{"line":72,"column":4},"end":{"line":72,"column":5}},"loc":{"start":{"line":72,"column":33},"end":{"line":89,"column":5}},"line":72},"3":{"name":"(anonymous_3)","decl":{"start":{"line":92,"column":4},"end":{"line":92,"column":5}},"loc":{"start":{"line"
[...]
column":72}},"22":{"start":{"line":63,"column":8},"end":{"line":65,"column":9}},"23":{"start":{"line":64,"column":12},"end":{"line":64,"column":66}},"24":{"start":{"line":67,"column":24},"end":{"line":67,"column":47}},"25":{"start":{"line":69,"column":8},"end":{"line":71,"column":9}},"26":{"start":{"line":70,"column":12},"end":{"line":70,"column":66}},"27":{"start":{"line":73,"column":22},"end":{"line":73,"column":51}},"28":{"start":{"line":75,"column":8},"end":{"line":77,"column":9}},"29":{"start":{"line":76,"column":12},"end":{"line":76,"column":59}},"30":{"start":{"line":79,"column":8},"end":{"line":91,"column":9}},"31":{"start":{"line":80,"column":12},"end":{"line":83,"column":15}},"32":{"start":{"line":85,"column":12},"end":{"line":85,"column":31}},"33":{"start":{"line":87,"column":12},"end":{"line":87,"column":28}},"34":{"start":{"line":90,"column":12},"end":{"line":90,"column":36}},"35":{"start":{"line":97,"column":24},"end":{"line":97,"column":42}},"36":{"start":{"line":99,"column":24},"end":{"line":99,"column":72}},"37":{"start":{"line":101,"column":8},"end":{"line":103,"column":9}},"38":{"start":{"line":102,"column":12},"end":{"line":102,"column":66}},"39":{"start":{"line":105,"column":23},"end":{"line":105,"column":62}},"40":{"start":{"line":107,"column":8},"end":{"line":112,"column":9}},"41":{"start":{"line":108,"column":12},"end":{"line":108,"column":59}},"42":{"start":{"line":111,"column":12},"end":{"line":111,"column":58}},"43":{"start":{"line":117,"column":0},"end":{"line":117,"column":29}}},"fnMap":{"0":{"name":"(anonymous_0)","decl":{"start":{"line":7,"column":4},"end":{"line":7,"column":5}},"loc":{"start":{"line":7,"column":29},"end":{"line":28,"column":5}},"line":7},"1":{"name":"(anonymous_1)","decl":{"start":{"line":31,"column":4},"end":{"line":31,"column":5}},"loc":{"start":{"line":31,"column":32},"end":{"line":34,"column":5}},"line":31},"2":{"name":"(anonymous_2)","decl":{"start":{"line":37,"column":4},"end":{"line":37,"column":5}},"loc":{"start":{"line":37,"column":33},"end":{"line":54,"column":5}},"line":37},"3":{"name":"(anonymous_3)","decl":{"start":{"line":57,"column":4},"end":{"line":57,"column":5}},"loc":{"start":{"line":57,"column":32},"end":{"line":92,"column":5}},"line":57},"4":{"name":"(anonymous_4)","decl":{"start":{"line":95,"column":4},"end":{"line":95,"column":5}},"loc":{"start":{"line":95,"column":31},"end":{"line":113,"column":5}},"line":95}},"branchMap":{"0":{"loc":{"start":{"line":11,"column":8},"end":{"line":13,"column":9}},"type":"if","locations":[{"start":{"line":11,"column":8},"end":{"line":13,"column":9}},{"start":{"line":11,"column":8},"end":{"line":13,"column":9}}],"line":11},"1":{"loc":{"start":{"line":43,"column":8},"end":{"line":45,"column":9}},"type":"if","locations":[{"start":{"line":43,"column":8},"end":{"line":45,"column":9}},{"start":{"line":43,"column":8},"end":{"line":45,"column":9}}],"line":43},"2":{"loc":{"start":{"line":49,"column":8},"end":{"line":51,"column":9}},"type":"if","locations":[{"start":{"line":49,"column":8},"end":{"line":51,"column":9}},{"start":{"line":49,"column":8},"end":{"line":51,"column":9}}],"line":49},"3":{"loc":{"start":{"line":63,"column":8},"end":{"line":65,"column":9}},"type":"if","locations":[{"start":{"line":63,"column":8},"end":{"line":65,"column":9}},{"start":{"line":63,"column":8},"end":{"line":65,"column":9}}],"line":63},"4":{"loc":{"start":{"line":69,"column":8},"end":{"line":71,"column":9}},"type":"if","locations":[{"start":{"line":69,"column":8},"end":{"line":71,"column":9}},{"start":{"line":69,"column":8},"end":{"line":71,"column":9}}],"line":69},"5":{"loc":{"start":{"line":75,"column":8},"end":{"line":77,"column":9}},"type":"if","locations":[{"start":{"line":75,"column":8},"end":{"line":77,"column":9}},{"start":{"line":75,"column":8},"end":{"line":77,"column":9}}],"line":75},"6":{"loc":{"start":{"line":101,"column":8},"end":{"line":103,"column":9}},"type":"if","locations":[{"start":{"line":101,"column":8},"end":{"line":103,"column":9}},{"start":{"line":101,"column":8},"end":{"line":103,"column":9}}],"line":101},"7":{"loc":{"start":{"line":107,"column":8},"end":{"line":112,"column":9}},"type":"if","locations":[{"start":{"line":107,"column":8},"end":{"line":112,"column":9}},{"start":{"line":107,"column":8},"end":{"line":112,"column":9}}],"line":107}},"s":{"0":1,"1":1,"2":0,"3":0,"4":0,"5":0,"6":0,"7":0,"8":0,"9":0,"10":0,"11":0,"12":0,"13":0,"14":0,"15":0,"16":0,"17":0,"18":0,"19":0,"20":0,"21":0,"22":0,"23":0,"24":0,"25":0,"26":0,"27":0,"28":0,"29":0,"30":0,"31":0,"32":0,"33":0,"34":0,"35":0,"36":0,"37":0,"38":0,"39":0,"40":0,"41":0,"42":0,"43":1},"f":{"0":0,"1":0,"2":0,"3":0,"4":0},"b":{"0":[0,0],"1":[0,0],"2":[0,0],"3":[0,0],"4":[0,0],"5":[0,0],"6":[0,0],"7":[0,0]},"_coverageSchema":"332fd63041d2c1bcb487cc26dd0d5f7d97098a6c","hash":"4f149d33e711901c0c4c25a56a2b8e9f43a5084b"}
,"C:\\Nihar\\Radixweb\\NodeJs\\Myntra\\middleware\\auth.js": {"path":"C:\\Nihar\\Radixweb\\NodeJs\\Myntra\\middleware\\auth.js","statementMap":{"0":{"start":{"line":1,"column":12},"end":{"line":1,"column":35}},"1":{"start":{"line":2,"column":15},"end":{"line":2,"column":32}},"2":{"start":{"line":4,"column":0},"end":{"line":35,"column":1}},"3":{"start":{"line":6,"column":18},"end":{"line":6,"column":46}},"4":{"start":{"line":8,"column":4},"end":{"line":10,"column":5}},"5":{"start":{"line":9,"column":8},"end":{"line":9,"column":73}},"6":{"start":{"line":12,"column":4},"end":{"line":33,"column":5}},"7":{"start":{"line":13,"column":8},"end":{"line":28,"column":11}},"8":{"start":{"line":14,"column":12},"end":{"line":23,"column":13}},"9":{"start":{"line":15,"column":32},"end":{"line":18,"column":17}},"10":{"start":{"line":20,"column":16},"end":{"line":22,"column":19}},"11":{"start":{"line":25,"column":12},"end":{"line":25,"column":31}},"12":{"start":{"line":27,"column":12},"end":{"line":27,"column":19}},"13":{"start":{"line":31,"column":8},"end":{"line":31,"column":23}},"14":{"start":{"line":32,"column":8},"end":{"line":32,"column":52}}},"fnMap":{"0":{"name":"(anonymous_0)","decl":{"start":{"line":4,"column":17},"end":{"line":4,"column":18}},"loc":{"start":{"line":4,"column":43},"end":{"line":35,"column":1}},"line":4},"1":{"name":"(anonymous_1)","decl":{"start":{"line":13,"column":54},"end":{"line":13,"column":55}},"loc":{"start":{"line":13,"column":78},"end":{"line":28,"column":9}},"line":13}},"branchMap":{"0":{"loc":{"start":{"line":8,"column":4},"end":{"line":10,"column":5}},"type":"if","locations":[{"start":{"line":8,"column":4},"end":{"line":10,"column":5}},{"start":{"line":8,"column":4},"end":{"line":10,"column":5}}],"line":8},"1":{"loc":{"start":{"line":14,"column":12},"end":{"line":23,"column":13}},"type":"if","locations":[{"start":{"line":14,"column":12},"end":{"line":23,"column":13}},{"start":{"line":14,"column":12},"end":{"line":23,"column":13}}],"line":14}},"s":{"0":1,"1":1,"2":1,"3":20,"4":20,"5":5,"6":15,"7":15,"8":15,"9":0,"10":0,"11":15,"12":15,"13":0,"14":0},"f":{"0":20,"1":15},"b":{"0":[5,15],"1":[0,15]},"_coverageSchema":"332fd63041d2c1bcb487cc26dd0d5f7d97098a6c","hash":"5f8c6fd31cd97a22481361d5d963c16cc52aec65"}
,"C:\\Nihar\\Radixweb\\NodeJs\\Myntra\\middleware\\error.js": {"path":"C:\\Nihar\\Radixweb\\NodeJs\\Myntra\\middleware\\error.js","statementMap":{"0":{"start":{"line":1,"column":16},"end":{"line":1,"column":34}},"1":{"start":{"line":3,"column":0},"end":{"line":7,"column":1}},"2":{"start":{"line":5,"column":4},"end":{"line":5,"column":36}},"3":{"start":{"line":6,"column":4},"end":{"line":6,"column":45}}},"fnMap":{"0":{"name":"(anonymous_0)","decl":{"start":{"line":3,"column":17},"end":{"line":3,"column":18}},"loc":{"start":{"line":3,"column":46},"end":{"line":7,"column":1}},"line":3}},"branchMap":{},"s":{"0":1,"1":1,"2":0,"3":0},"f":{"0":0},"b":{},"_coverageSchema":"332fd63041d2c1bcb487cc26dd0d5f7d97098a6c","hash":"d8624dde3e002c23cb6286889037a4066b590e93"}
,"C:\\Nihar\\Radixweb\\NodeJs\\Myntra\\middleware\\seller.js": {"path":"C:\\Nihar\\Radixweb\\NodeJs\\Myntra\\middleware\\seller.js","statementMap":{"0":{"start":{"line":1,"column":0},"end":{"line":8,"column":1}},"1":{"start":{"line":3,"column":4},"end":{"line":5,"column":5}},"2":{"start":{"line":4,"column":8},"end":{"line":4,"column":53}},"3":{"start":{"line":7,"column":4},"end":{"line":7,"column":11}}},"fnMap":{"0":{"name":"(anonymous_0)","decl":{"start":{"line":1,"column":17},"end":{"line":1,"column":18}},"loc":{"start":{"line":1,"column":42},"end":{"line":8,"column":1}},"line":1}},"branchMap":{"0":{"loc":{"start":{"line":3,"column":4},"end":{"line":5,"column":5}},"type":"if","locations":[{"start":{"line":3,"column":4},"end":{"line":5,"column":5}},{"start":{"line":3,"column":4},"end":{"line":5,"column":5}}],"line":3}},"s":{"0":1,"1":11,"2":0,"3":11},"f":{"0":11},"b":{"0":[0,11]},"_coverageSchema":"332fd63041d2c1bcb487cc26dd0d5f7d97098a6c","hash":"14b17bb123ee29ae19b1bd064a2ac5e4067b04f0"}
,"C:\\Nihar\\Radixweb\\NodeJs\\Myntra\\models\\brand.model.js": {"path":"C:\\Nihar\\Radixweb\\NodeJs\\Myntra\\models\\brand.model.js","statementMap":{"0":{"start":{"line":1,"column":17},"end":{"line":1,"column":36}},"1":{"start":{"line":2,"column":12},"end":{"line":2,"column":26}},"2":{"start":{"line":5,"column":14},"end":{"line":11,"column":3}},"3":{"start":{"line":15,"column":19},"end":{"line":17,"column":5}},"4":{"start":{"line":19,"column":4},"end":{"line":19,"column":39}},"5":{"start":{"line":22,"column":0},"end":{"line":22,"column":29}},"6":{"start":{"line":23,"column":0},"end":{"line":23,"column":45}}},"fnMap":{"0":{"name":"validateBrand","decl":{"start":{"line":14,"column":9},"end":{"line":14,"column":22}},"loc":{"start":{"line":14,"column":29},"end":{"line":20,"column":1}},"line":14}},"branchMap":{},"s":{"0":1,"1":1,"2":1,"3":7,"4":7,"5":1,"6":1},"f":{"0":7},"b":{},"_coverageSchema":"332fd63041d2c1bcb487cc26dd0d5f7d97098a6c","hash":"082ff459db9b2fdebe01ba8ccaf55374875bedd3"}
,"C:\\Nihar\\Radixweb\\NodeJs\\Myntra\\models\\category.model.js": {"path":"C:\\Nihar\\Radixweb\\NodeJs\\Myntra\\models\\category.model.js","statementMap":{"0":{"start":{"line":1,"column":17},"end":{"line":1,"column":36}},"1":{"start":{"line":2,"column":12},"end":{"line":2,"column":26}},"2":{"start":{"line":5,"column":17},"end":{"line":11,"column":3}},"3":{"start":{"line":15,"column":19},"end":{"line":17,"column":5}},"4":{"start":{"line":19,"column":4},"end":{"line":19,"column":42}},"5":{"start":{"line":22,"column":0},"end":{"line":22,"column":35}},"6":{"start":{"line":23,"column":0},"end":{"line":23,"column":51}}},"fnMap":{"0":{"name":"validateCategory","decl":{"start":{"line":14,"column":9},"end":{"line":14,"column":25}},"loc":{"start":{"line":14,"column":35},"end":{"line":20,"column":1}},"line":14}},"branchMap":{},"s":{"0":1,"1":1,"2":1,"3":0,"4":0,"5":1,"6":1},"f":{"0":0},"b":{},"_coverageSchema":"332fd63041d2c1bcb487cc26dd0d5f7d97098a6c","hash":"15e6242d3db3584f3a065ff25f0397bd60efdab4"}
,"C:\\Nihar\\Radixweb\\NodeJs\\Myntra\\models\\city.model.js": {"path":"C:\\Nihar\\Radixweb\\NodeJs\\Myntra\\models\\city.model.js","statementMap":{"0":{"start":{"line":1,"column":17},"end":{"line":1,"column":36}},"1":{"start":{"line":2,"column":12},"end":{"line":2,"column":26}},"2":{"start":{"line":5,"column":13},"end":{"line":16,"column":3}},"3":{"start":{"line":20,"column":19},"end":{"line":23,"column":5}},"4":{"start":{"line":25,"column":4},"end":{"line":25,"column":39}},"5":{"start":{"line":28,"column":0},"end":{"line":28,"column":27}},"6":{"start":{"line":29,"column":0},"end":{"line":29,"column":43}}},"fnMap":{"0":{"name":"validateCity","decl":{"start":{"line":19,"column":9},"end":{"line":19,"column":21}},"loc":{"start":{"line":19,"column":28},"end":{"line":26,"column":1}},"line":19}},"branchMap":{},"s":{"0":1,"1":1,"2":1,"3":0,"4":0,"5":1,"6":1},"f":{"0":0},"b":{},"_coverageSchema":"332fd63041d2c1bcb487cc26dd0d5f7d97098a6c","hash":"352355d875cc073ed758499aa603b8b2f07c503a"}
,"C:\\Nihar\\Radixweb\\NodeJs\\Myntra\\models\\country.model.js": {"path":"C:\\Nihar\\Radixweb\\NodeJs\\Myntra\\models\\country.model.js","statementMap":{"0":{"start":{"line":1,"column":17},"end":{"line":1,"column":36}},"1":{"start":{"line":2,"column":12},"end":{"line":2,"column":26}},"2":{"start":{"line":5,"column":16},"end":{"line":11,"column":3}},"3":{"start":{"line":15,"column":19},"end":{"line":17,"column":5}},"4":{"start":{"line":19,"column":4},"end":{"line":19,"column":41}},"5":{"start":{"line":22,"column":0},"end":{"line":22,"column":33}},"6":{"start":{"line":23,"column":0},"end":{"line":23,"column":49}}},"fnMap":{"0":{"name":"validateCountry","decl":{"start":{"line":14,"column":9},"end":{"line":14,"column":24}},"loc":{"start":{"line":14,"column":33},"end":{"line":20,"column":1}},"line":14}},"branchMap":{},"s":{"0":1,"1":1,"2":1,"3":0,"4":0,"5":1,"6":1},"f":{"0":0},"b":{},"_coverageSchema":"332fd63041d2c1bcb487cc26dd0d5f7d97098a6c","hash":"a518c6115a42bf7784a0e5c018e2158cdfcdac08"}
,"C:\\Nihar\\Radixweb\\NodeJs\\Myntra\\models\\customer.model.js": {"path":"C:\\Nihar\\Radixweb\\NodeJs\\Myntra\\models\\customer.model.js","statementMap":{"0":{"start":{"line":1,"column":17},"end":{"line":1,"column":36}},"1":{"start":{"line":2,"column":12},"end":{"line":2,"column":26}},"2":{"start":{"line":5,"column":17},"end":{"line":59,"column":3}},"3":{"start":{"line":63,"column":19},"end":{"line":76,"column":5}},"4":{"start":{"line":78,"column":4},"end":{"line":78,"column":42}},"5":{"start":{"line":81,"column":0},"end":{"line":81,"column":35}},"6":{"start":{"line":82,"column":0},"end":{"line":82,"column":51}}},"fnMap":{"0":{"name":"validateCustomer","decl":{"start":{"line":62,"column":9},"end":{"line":62,"column":25}},"loc":{"start":{"line":62,"column":35},"end":{"line":79,"column":1}},"line":62}},"branchMap":{},"s":{"0":1,"1":1,"2":1,"3":0,"4":0,"5":1,"6":1},"f":{"0":0},"b":{},"_coverageSchema":"332fd63041d2c1bcb487cc26dd0d5f7d97098a6c","hash":"be6f37a942a783013a4f47560b53250e2af489f3"}
,"C:\\Nihar\\Radixweb\\NodeJs\\Myntra\\models\\order.model.js": {"path":"C:\\Nihar\\Radixweb\\NodeJs\\Myntra\\models\\order.model.js","statementMap":{"0":{"start":{"line":1,"column":17},"end":{"line":1,"column":36}},"1":{"start":{"line":2,"column":12},"end":{"line":2,"column":26}},"2":{"start":{"line":5,"column":14},"end":{"line":47,"column":3}},"3":{"start":{"line":38,"column":16},"end":{"line":38,"column":41}},"4":{"start":{"line":51,"column":19},"end":{"line":60,"column":5}},"5":{"start":{"line":62,"column":4},"end":{"line":62,"column":39}},"6":{"start":{"line":65,"column":0},"end":{"line":65,"column":29}},"7":{"start":{"line":66,"column":0},"end":{"line":66,"column":45}}},"fnMap":{"0":{"name":"(anonymous_0)","decl":{"start":{"line":37,"column":23},"end":{"line":37,"column":24}},"loc":{"start":{"line":37,"column":36},"end":{"line":39,"column":13}},"line":37},"1":{"name":"validateOrder","decl":{"start":{"line":50,"column":9},"end":{"line":50,"column":22}},"loc":{"start":{"line":50,"column":29},"end":{"line":63,"column":1}},"line":50}},"branchMap":{"0":{"loc":{"start":{"line":38,"column":23},"end":{"line":38,"column":40}},"type":"binary-expr","locations":[{"start":{"line":38,"column":23},"end":{"line":38,"column":24}},{"start":{"line":38,"column":28},"end":{"line":38,"column":40}}],"line":38}},"s":{"0":1,"1":1,"2":1,"3":0,"4":0,"5":0,"6":1,"7":1},"f":{"0":0,"1":0},"b":{"0":[0,0]},"_coverageSchema":"332fd63041d2c1bcb487cc26dd0d5f7d97098a6c","hash":"ee8c983f0cd7c6a1996cdc545c512b0ae917cdc0"}
,"C:\\Nihar\\Radixweb\\NodeJs\\Myntra\\models\\product.model.js": {"path":"C:\\Nihar\\Radixweb\\NodeJs\\Myntra\\models\\product.model.js","statementMap":{"0":{"start":{"line":1,"column":17},"end":{"line":1,"column":36}},"1":{"start":{"line":2,"column":12},"end":{"line":2,"column":26}},"2":{"start":{"line":5,"column":16},"end":{"line":73,"column":3}},"3":{"start":{"line":46,"column":16},"end":{"line":46,"column":41}},"4":{"start":{"line":57,"column":16},"end":{"line":57,"column":41}},"5":{"start":{"line":68,"column":16},"end":{"line":68,"column":41}},"6":{"start":{"line":77,"column":19},"end":{"line":88,"column":5}},"7":{"start":{"line":90,"column":4},"end":{"line":90,"column":41}},"8":{"start":{"line":93,"column":0},"end":{"line":93,"column":33}},"9":{"start":{"line":94,"column":0},"end":{"line":94,"column":49}}},"fnMap":{"0":{"name":"(anonymous_0)","decl":{"start":{"line":45,"column":23},"end":{"line":45,"column":24}},"loc":{"start":{"line":45,"column":36},"end":{"line":47,"column":13}},"line":45},"1":{"name":"(anonymous_1)","decl":{"start":{"line":56,"column":23},"end":{"line":56,"column":24}},"loc":{"start":{"line":56,"column":36},"end":{"line":58,"column":13}},"line":56},"2":{"name":"(anonymous_2)","decl":{"start":{"line":67,"column":23},"end":{"line":67,"column":24}},"loc":{"start":{"line":67,"column":34},"end":{"line":69,"column":13}},"line":67},"3":{"name":"validateProduct","decl":{"start":{"line":76,"column":9},"end":{"line":76,"column":24}},"loc":{"start":{"line":76,"column":33},"end":{"line":91,"column":1}},"line":76}},"branchMap":{"0":{"loc":{"start":{"line":46,"column":23},"end":{"line":46,"column":40}},"type":"binary-expr","locations":[{"start":{"line":46,"column":23},"end":{"line":46,"column":24}},{"start":{"line":46,"column":28},"end":{"line":46,"column":40}}],"line":46},"1":{"loc":{"start":{"line":57,"column":23},"end":{"line":57,"column":40}},"type":"binary-expr","locations":[{"start":{"line":57,"column":23},"end":{"line":57,"column":24}},{"start":{"line":57,"column":28},"end":{"line":57,"column":40}}],"line":57},"2":{"loc":{"start":{"line":68,"column":23},"end":{"line":68,"column":40}},"type":"binary-expr","locations":[{"start":{"line":68,"column":23},"end":{"line":68,"column":24}},{"start":{"line":68,"column":28},"end":{"line":68,"column":40}}],"line":68}},"s":{"0":1,"1":1,"2":1,"3":0,"4":0,"5":0,"6":0,"7":0,"8":1,"9":1},"f":{"0":0,"1":0,"2":0,"3":0},"b":{"0":[0,0],"1":[0,0],"2":[0,0]},"_coverageSchema":"332fd63041d2c1bcb487cc26dd0d5f7d97098a6c","hash":"505a7b8b1dbe5e49361ea4f2ef6e711795531800"}
,"C:\\Nihar\\Radixweb\\NodeJs\\Myntra\\models\\seller.model.js": {"path":"C:\\Nihar\\Radixweb\\NodeJs\\Myntra\\models\\seller.model.js","statementMap":{"0":{"start":{"line":1,"column":17},"end":{"line":1,"column":36}},"1":{"start":{"line":2,"column":12},"end":{"line":2,"column":26}},"2":{"start":{"line":5,"column":15},"end":{"line":59,"column":3}},"3":{"start":{"line":63,"column":19},"end":{"line":76,"column":5}},"4":{"start":{"line":78,"column":4},"end":{"line":78,"column":40}},"5":{"start":{"line":81,"column":0},"end":{"line":81,"column":31}},"6":{"start":{"line":82,"column":0},"end":{"line":82,"column":47}}},"fnMap":{"0":{"name":"validateSeller","decl":{"start":{"line":62,"column":9},"end":{"line":62,"column":23}},"loc":{"start":{"line":62,"column":31},"end":{"line":79,"column":1}},"line":62}},"branchMap":{},"s":{"0":1,"1":1,"2":1,"3":20,"4":20,"5":1,"6":1},"f":{"0":20},"b":{},"_coverageSchema":"332fd63041d2c1bcb487cc26dd0d5f7d97098a6c","hash":"5ea8c712aeecc5f3c8f7d4499e71d6b0d9dbb263"}
,"C:\\Nihar\\Radixweb\\NodeJs\\Myntra\\models\\state.model.js": {"path":"C:\\Nihar\\Radixweb\\NodeJs\\Myntra\\models\\state.model.js","statementMap":{"0":{"start":{"line":1,"column":17},"end":{"line":1,"column":36}},"1":{"start":{"line":2,"column":12},"end":{"line":2,"column":26}},"2":{"start":{"line":5,"column":14},"end":{"line":16,"column":3}},"3":{"start":{"line":20,"column":19},"end":{"line":23,"column":5}},"4":{"start":{"line":25,"column":4},"end":{"line":25,"column":39}},"5":{"start":{"line":28,"column":0},"end":{"line":28,"column":29}},"6":{"start":{"line":29,"column":0},"end":{"line":29,"column":45}}},"fnMap":{"0":{"name":"validateState","decl":{"start":{"line":19,"column":9},"end":{"line":19,"column":22}},"loc":{"start":{"line":19,"column":29},"end":{"line":26,"column":1}},"line":19}},"branchMap":{},"s":{"0":1,"1":1,"2":1,"3":0,"4":0,"5":1,"6":1},"f":{"0":0},"b":{},"_coverageSchema":"332fd63041d2c1bcb487cc26dd0d5f7d97098a6c","hash":"de116def3a873577ebbe46da2cf6fffa5c979199"}
}
