TN:
SF:C:\Nihar\Radixweb\NodeJs\Myntra\index.js
FN:12,(anonymous_0)
FNF:1
FNH:1
FNDA:1,(anonymous_0)
DA:1,1
DA:2,1
DA:4,1
DA:5,1
DA:7,1
DA:9,1
DA:10,1
DA:12,1
DA:13,1
DA:14,1
DA:17,1
LF:11
LH:11
BRF:0
BRH:0
end_of_record
TN:
SF:C:\Nihar\Radixweb\NodeJs\Myntra\controllers\index.js
FNF:0
FNH:0
DA:1,1
DA:2,1
DA:4,1
DA:5,1
DA:6,1
DA:7,1
DA:8,1
DA:10,1
LF:8
LH:8
BRF:0
BRH:0
end_of_record
TN:
SF:C:\Nihar\Radixweb\NodeJs\Myntra\controllers\brands\brands.js
FN:10,(anonymous_0)
FN:16,(anonymous_1)
FN:22,(anonymous_2)
FN:28,(anonymous_3)
FN:34,(anonymous_4)
FNF:5
FNH:5
FNDA:3,(anonymous_0)
FNDA:1,(anonymous_1)
FNDA:3,(anonymous_2)
FNDA:5,(anonymous_3)
FNDA:3,(anonymous_4)
DA:1,1
DA:2,1
DA:3,1
DA:4,1
DA:5,1
DA:11,3
DA:12,3
DA:17,1
DA:18,1
DA:23,3
DA:24,3
DA:29,5
DA:30,5
DA:35,3
DA:36,3
DA:41,1
DA:43,1
DA:45,1
DA:47,1
DA:49,1
DA:51,1
LF:21
LH:21
BRF:0
BRH:0
end_of_record
TN:
SF:C:\Nihar\Radixweb\NodeJs\Myntra\controllers\categories\categories.js
FN:10,(anonymous_0)
FN:16,(anonymous_1)
FN:22,(anonymous_2)
FN:28,(anonymous_3)
FN:34,(anonymous_4)
FNF:5
FNH:0
FNDA:0,(anonymous_0)
FNDA:0,(anonymous_1)
FNDA:0,(anonymous_2)
FNDA:0,(anonymous_3)
FNDA:0,(anonymous_4)
DA:1,1
DA:2,1
DA:3,1
DA:4,1
DA:5,1
DA:11,0
DA:12,0
DA:17,0
DA:18,0
DA:23,0
DA:24,0
DA:29,0
DA:30,0
DA:35,0
DA:36,0
DA:41,1
DA:43,1
DA:45,1
DA:47,1
DA:49,1
DA:51,1
LF:21
LH:11
BRF:0
BRH:0
end_of_record
TN:
SF:C:\Nihar\Radixweb\NodeJs\Myntra\controllers\cities\cities.js
FN:10,(anonymous_0)
FN:16,(anonymous_1)
FN:22,(anonymous_2)
FN:28,(anonymous_3)
FN:34,(anonymous_4)
FNF:5
FNH:0
FNDA:0,(anonymous_0)
FNDA:0,(anonymous_1)
FNDA:0,(anonymous_2)
FNDA:0,(anonymous_3)
FNDA:0,(anonymous_4)
DA:1,1
DA:2,1
DA:3,1
DA:4,1
DA:5,1
DA:11,0
DA:12,0
DA:17,0
DA:18,0
DA:23,0
DA:24,0
DA:29,0
DA:30,0
DA:35,0
DA:36,0
DA:42,1
DA:44,1
DA:46,1
DA:48,1
DA:50,1
DA:52,1
LF:21
LH:11
BRF:0
BRH:0
end_of_record
TN:
SF:C:\Nihar\Radixweb\NodeJs\Myntra\controllers\core\authentication.js
FN:10,(anonymous_0)
FN:67,validateUser
FNF:2
FNH:2
FNDA:20,(anonymous_0)
FNDA:20,validateUser
DA:1,1
DA:2,1
DA:3,1
DA:4,1
DA:5,1
DA:6,1
DA:7,1
DA:8,1
DA:10,1
DA:12,20
DA:14,20
DA:15,0
DA:18,20
DA:20,20
DA:21,20
DA:22,0
DA:25,20
DA:26,20
DA:27,0
DA:30,20
DA:34,20
DA:40,0
DA:42,0
DA:43,0
DA:44,0
DA:47,0
DA:48,0
DA:49,0
DA:52,0
DA:56,0
DA:63,0
DA:68,20
DA:74,20
DA:77,1
LF:34
LH:21
BRDA:14,0,0,0
BRDA:14,0,1,20
BRDA:18,1,0,20
BRDA:18,1,1,0
BRDA:21,2,0,0
BRDA:21,2,1,20
BRDA:26,3,0,0
BRDA:26,3,1,20
BRDA:40,4,0,0
BRDA:40,4,1,0
BRDA:43,5,0,0
BRDA:43,5,1,0
BRDA:48,6,0,0
BRDA:48,6,1,0
BRF:14
BRH:4
end_of_record
TN:
SF:C:\Nihar\Radixweb\NodeJs\Myntra\controllers\countries\countries.js
FN:10,(anonymous_0)
FN:16,(anonymous_1)
FN:22,(anonymous_2)
FN:28,(anonymous_3)
FN:34,(anonymous_4)
FNF:5
FNH:0
FNDA:0,(anonymous_0)
FNDA:0,(anonymous_1)
FNDA:0,(anonymous_2)
FNDA:0,(anonymous_3)
FNDA:0,(anonymous_4)
DA:1,1
DA:2,1
DA:3,1
DA:4,1
DA:5,1
DA:11,0
DA:12,0
DA:17,0
DA:18,0
DA:23,0
DA:24,0
DA:29,0
DA:30,0
DA:35,0
DA:36,0
DA:41,1
DA:43,1
DA:45,1
DA:47,1
DA:49,1
DA:51,1
LF:21
LH:11
BRF:0
BRH:0
end_of_record
TN:
SF:C:\Nihar\Radixweb\NodeJs\Myntra\controllers\customers\customers.js
FN:10,(anonymous_0)
FN:16,(anonymous_1)
FN:22,(anonymous_2)
FN:28,(anonymous_3)
FN:34,(anonymous_4)
FNF:5
FNH:0
FNDA:0,(anonymous_0)
FNDA:0,(anonymous_1)
FNDA:0,(anonymous_2)
FNDA:0,(anonymous_3)
FNDA:0,(anonymous_4)
DA:1,1
DA:2,1
DA:3,1
DA:4,1
DA:5,1
DA:11,0
DA:12,0
DA:17,0
DA:18,0
DA:23,0
DA:24,0
DA:29,0
DA:30,0
DA:35,0
DA:36,0
DA:42,1
DA:44,1
DA:46,1
DA:48,1
DA:50,1
DA:52,1
LF:21
LH:11
BRF:0
BRH:0
end_of_record
TN:
SF:C:\Nihar\Radixweb\NodeJs\Myntra\controllers\orders\orders.js
FN:10,(anonymous_0)
FN:16,(anonymous_1)
FN:22,(anonymous_2)
FN:28,(anonymous_3)
FN:34,(anonymous_4)
FNF:5
FNH:0
FNDA:0,(anonymous_0)
FNDA:0,(anonymous_1)
FNDA:0,(anonymous_2)
FNDA:0,(anonymous_3)
FNDA:0,(anonymous_4)
DA:1,1
DA:2,1
DA:3,1
DA:4,1
DA:5,1
DA:11,0
DA:12,0
DA:17,0
DA:18,0
DA:23,0
DA:24,0
DA:29,0
DA:30,0
DA:35,0
DA:36,0
DA:41,1
DA:43,1
DA:45,1
DA:47,1
DA:49,1
DA:51,1
LF:21
LH:11
BRF:0
BRH:0
end_of_record
TN:
SF:C:\Nihar\Radixweb\NodeJs\Myntra\controllers\otp\otp.js
FN:8,(anonymous_0)
FN:26,(anonymous_1)
FNF:2
FNH:0
FNDA:0,(anonymous_0)
FNDA:0,(anonymous_1)
DA:1,1
DA:2,1
DA:3,1
DA:5,1
DA:9,0
DA:10,0
DA:17,0
DA:24,0
DA:27,0
DA:28,0
DA:29,0
DA:31,0
DA:37,1
DA:40,1
DA:42,1
LF:15
LH:7
BRDA:28,0,0,0
BRDA:28,0,1,0
BRF:2
BRH:0
end_of_record
TN:
SF:C:\Nihar\Radixweb\NodeJs\Myntra\controllers\products\products.js
FN:10,(anonymous_0)
FN:16,(anonymous_1)
FN:22,(anonymous_2)
FN:28,(anonymous_3)
FN:34,(anonymous_4)
FNF:5
FNH:0
FNDA:0,(anonymous_0)
FNDA:0,(anonymous_1)
FNDA:0,(anonymous_2)
FNDA:0,(anonymous_3)
FNDA:0,(anonymous_4)
DA:1,1
DA:2,1
DA:3,1
DA:4,1
DA:5,1
DA:11,0
DA:12,0
DA:17,0
DA:18,0
DA:23,0
DA:24,0
DA:29,0
DA:30,0
DA:35,0
DA:36,0
DA:41,1
DA:43,1
DA:45,1
DA:47,1
DA:49,1
DA:51,1
LF:21
LH:11
BRF:0
BRH:0
end_of_record
TN:
SF:C:\Nihar\Radixweb\NodeJs\Myntra\controllers\sellers\sellers.js
FN:10,(anonymous_0)
FN:16,(anonymous_1)
FN:22,(anonymous_2)
FN:28,(anonymous_3)
FN:34,(anonymous_4)
FNF:5
FNH:1
FNDA:20,(anonymous_0)
FNDA:0,(anonymous_1)
FNDA:0,(anonymous_2)
FNDA:0,(anonymous_3)
FNDA:0,(anonymous_4)
DA:1,1
DA:2,1
DA:3,1
DA:4,1
DA:5,1
DA:11,20
DA:12,20
DA:17,0
DA:18,0
DA:23,0
DA:24,0
DA:29,0
DA:30,0
DA:35,0
DA:36,0
DA:42,1
DA:44,1
DA:46,1
DA:48,1
DA:50,1
DA:52,1
LF:21
LH:13
BRF:0
BRH:0
end_of_record
TN:
SF:C:\Nihar\Radixweb\NodeJs\Myntra\controllers\startup\config.js
FN:3,(anonymous_0)
FNF:1
FNH:1
FNDA:1,(anonymous_0)
DA:1,1
DA:3,1
DA:4,1
DA:5,0
LF:4
LH:3
BRDA:4,0,0,0
BRDA:4,0,1,1
BRF:2
BRH:1
end_of_record
TN:
SF:C:\Nihar\Radixweb\NodeJs\Myntra\controllers\startup\db.js
FN:5,(anonymous_0)
FN:12,(anonymous_1)
FNF:2
FNH:2
FNDA:1,(anonymous_0)
FNDA:1,(anonymous_1)
DA:1,1
DA:2,1
DA:3,1
DA:5,1
DA:7,1
DA:9,1
DA:13,1
DA:14,1
LF:8
LH:8
BRF:0
BRH:0
end_of_record
TN:
SF:C:\Nihar\Radixweb\NodeJs\Myntra\controllers\startup\logging.js
FN:4,(anonymous_0)
FN:8,(anonymous_1)
FNF:2
FNH:1
FNDA:1,(anonymous_0)
FNDA:0,(anonymous_1)
DA:1,1
DA:2,1
DA:4,1
DA:6,1
DA:8,1
DA:9,0
DA:12,1
DA:13,1
LF:8
LH:7
BRF:0
BRH:0
end_of_record
TN:
SF:C:\Nihar\Radixweb\NodeJs\Myntra\controllers\startup\routes.js
FN:17,(anonymous_0)
FNF:1
FNH:1
FNDA:1,(anonymous_0)
DA:1,1
DA:3,1
DA:4,1
DA:5,1
DA:6,1
DA:7,1
DA:8,1
DA:9,1
DA:10,1
DA:11,1
DA:12,1
DA:13,1
DA:15,1
DA:17,1
DA:18,1
DA:19,1
DA:20,1
DA:21,1
DA:22,1
DA:23,1
DA:24,1
DA:25,1
DA:26,1
DA:27,1
DA:28,1
DA:30,1
LF:26
LH:26
BRF:0
BRH:0
end_of_record
TN:
SF:C:\Nihar\Radixweb\NodeJs\Myntra\controllers\startup\validation.js
FN:3,(anonymous_0)
FNF:1
FNH:1
FNDA:1,(anonymous_0)
DA:1,1
DA:3,1
DA:4,1
LF:3
LH:3
BRF:0
BRH:0
end_of_record
TN:
SF:C:\Nihar\Radixweb\NodeJs\Myntra\controllers\states\states.js
FN:10,(anonymous_0)
FN:16,(anonymous_1)
FN:22,(anonymous_2)
FN:28,(anonymous_3)
FN:34,(anonymous_4)
FNF:5
FNH:0
FNDA:0,(anonymous_0)
FNDA:0,(anonymous_1)
FNDA:0,(anonymous_2)
FNDA:0,(anonymous_3)
FNDA:0,(anonymous_4)
DA:1,1
DA:2,1
DA:3,1
DA:4,1
DA:5,1
DA:11,0
DA:12,0
DA:17,0
DA:18,0
DA:23,0
DA:24,0
DA:29,0
DA:30,0
DA:35,0
DA:36,0
DA:41,1
DA:43,1
DA:45,1
DA:47,1
DA:49,1
DA:51,1
LF:21
LH:11
BRF:0
BRH:0
end_of_record
TN:
SF:C:\Nihar\Radixweb\NodeJs\Myntra\domain\brand.domain.js
FN:7,(anonymous_0)
FN:30,(anonymous_1)
FN:36,(anonymous_2)
FN:56,(anonymous_3)
FN:93,(anonymous_4)
FNF:5
FNH:5
FNDA:3,(anonymous_0)
FNDA:1,(anonymous_1)
FNDA:3,(anonymous_2)
FNDA:5,(anonymous_3)
FNDA:3,(anonymous_4)
DA:1,1
DA:2,1
DA:9,3
DA:11,3
DA:12,1
DA:15,2
DA:16,2
DA:20,2
DA:22,2
DA:25,0
DA:31,1
DA:32,1
DA:38,3
DA:40,3
DA:42,3
DA:43,1
DA:46,2
DA:48,2
DA:49,1
DA:52,1
DA:58,5
DA:60,5
DA:62,5
DA:63,1
DA:66,4
DA:68,4
DA:69,1
DA:72,3
DA:74,3
DA:75,1
DA:78,2
DA:79,2
DA:83,2
DA:85,2
DA:88,0
DA:95,3
DA:97,3
DA:99,3
DA:100,1
DA:103,2
DA:105,2
DA:106,1
DA:109,1
DA:114,1
LF:44
LH:42
BRDA:11,0,0,1
BRDA:11,0,1,2
BRDA:42,1,0,1
BRDA:42,1,1,2
BRDA:48,2,0,1
BRDA:48,2,1,1
BRDA:62,3,0,1
BRDA:62,3,1,4
BRDA:68,4,0,1
BRDA:68,4,1,3
BRDA:74,5,0,1
BRDA:74,5,1,2
BRDA:99,6,0,1
BRDA:99,6,1,2
BRDA:105,7,0,1
BRDA:105,7,1,1
BRF:16
BRH:16
end_of_record
TN:
SF:C:\Nihar\Radixweb\NodeJs\Myntra\domain\category.domain.js
FN:7,(anonymous_0)
FN:30,(anonymous_1)
FN:36,(anonymous_2)
FN:56,(anonymous_3)
FN:93,(anonymous_4)
FNF:5
FNH:0
FNDA:0,(anonymous_0)
FNDA:0,(anonymous_1)
FNDA:0,(anonymous_2)
FNDA:0,(anonymous_3)
FNDA:0,(anonymous_4)
DA:1,1
DA:2,1
DA:9,0
DA:11,0
DA:12,0
DA:15,0
DA:16,0
DA:20,0
DA:22,0
DA:25,0
DA:31,0
DA:32,0
DA:38,0
DA:40,0
DA:42,0
DA:43,0
DA:46,0
DA:48,0
DA:49,0
DA:52,0
DA:58,0
DA:60,0
DA:62,0
DA:63,0
DA:66,0
DA:68,0
DA:69,0
DA:72,0
DA:74,0
DA:75,0
DA:78,0
DA:79,0
DA:83,0
DA:85,0
DA:88,0
DA:95,0
DA:97,0
DA:99,0
DA:100,0
DA:103,0
DA:105,0
DA:106,0
DA:109,0
DA:115,1
LF:44
LH:3
BRDA:11,0,0,0
BRDA:11,0,1,0
BRDA:42,1,0,0
BRDA:42,1,1,0
BRDA:48,2,0,0
BRDA:48,2,1,0
BRDA:62,3,0,0
BRDA:62,3,1,0
BRDA:68,4,0,0
BRDA:68,4,1,0
BRDA:74,5,0,0
BRDA:74,5,1,0
BRDA:99,6,0,0
BRDA:99,6,1,0
BRDA:105,7,0,0
BRDA:105,7,1,0
BRF:16
BRH:0
end_of_record
TN:
SF:C:\Nihar\Radixweb\NodeJs\Myntra\domain\city.domain.js
FN:7,(anonymous_0)
FN:31,(anonymous_1)
FN:46,(anonymous_2)
FN:75,(anonymous_3)
FN:113,(anonymous_4)
FNF:5
FNH:0
FNDA:0,(anonymous_0)
FNDA:0,(anonymous_1)
FNDA:0,(anonymous_2)
FNDA:0,(anonymous_3)
FNDA:0,(anonymous_4)
DA:1,1
DA:2,1
DA:9,0
DA:11,0
DA:12,0
DA:15,0
DA:16,0
DA:21,0
DA:23,0
DA:26,0
DA:32,0
DA:42,0
DA:48,0
DA:50,0
DA:52,0
DA:53,0
DA:56,0
DA:67,0
DA:68,0
DA:71,0
DA:77,0
DA:79,0
DA:81,0
DA:82,0
DA:85,0
DA:87,0
DA:88,0
DA:91,0
DA:93,0
DA:94,0
DA:97,0
DA:98,0
DA:103,0
DA:105,0
DA:108,0
DA:115,0
DA:117,0
DA:119,0
DA:120,0
DA:123,0
DA:125,0
DA:126,0
DA:129,0
DA:135,1
LF:44
LH:3
BRDA:11,0,0,0
BRDA:11,0,1,0
BRDA:52,1,0,0
BRDA:52,1,1,0
BRDA:67,2,0,0
BRDA:67,2,1,0
BRDA:81,3,0,0
BRDA:81,3,1,0
BRDA:87,4,0,0
BRDA:87,4,1,0
BRDA:93,5,0,0
BRDA:93,5,1,0
BRDA:119,6,0,0
BRDA:119,6,1,0
BRDA:125,7,0,0
BRDA:125,7,1,0
BRF:16
BRH:0
end_of_record
TN:
SF:C:\Nihar\Radixweb\NodeJs\Myntra\domain\country.domain.js
FN:7,(anonymous_0)
FN:30,(anonymous_1)
FN:36,(anonymous_2)
FN:56,(anonymous_3)
FN:93,(anonymous_4)
FNF:5
FNH:0
FNDA:0,(anonymous_0)
FNDA:0,(anonymous_1)
FNDA:0,(anonymous_2)
FNDA:0,(anonymous_3)
FNDA:0,(anonymous_4)
DA:1,1
DA:2,1
DA:9,0
DA:11,0
DA:12,0
DA:15,0
DA:16,0
DA:20,0
DA:22,0
DA:25,0
DA:31,0
DA:32,0
DA:38,0
DA:40,0
DA:42,0
DA:43,0
DA:46,0
DA:48,0
DA:49,0
DA:52,0
DA:58,0
DA:60,0
DA:62,0
DA:63,0
DA:66,0
DA:68,0
DA:69,0
DA:72,0
DA:74,0
DA:75,0
DA:78,0
DA:79,0
DA:83,0
DA:85,0
DA:88,0
DA:95,0
DA:97,0
DA:99,0
DA:100,0
DA:103,0
DA:105,0
DA:106,0
DA:109,0
DA:115,1
LF:44
LH:3
BRDA:11,0,0,0
BRDA:11,0,1,0
BRDA:42,1,0,0
BRDA:42,1,1,0
BRDA:48,2,0,0
BRDA:48,2,1,0
BRDA:62,3,0,0
BRDA:62,3,1,0
BRDA:68,4,0,0
BRDA:68,4,1,0
BRDA:74,5,0,0
BRDA:74,5,1,0
BRDA:99,6,0,0
BRDA:99,6,1,0
BRDA:105,7,0,0
BRDA:105,7,1,0
BRF:16
BRH:0
end_of_record
TN:
SF:C:\Nihar\Radixweb\NodeJs\Myntra\domain\customer.domain.js
FN:9,(anonymous_0)
FN:47,(anonymous_1)
FN:59,(anonymous_2)
FN:79,(anonymous_3)
FN:131,(anonymous_4)
FNF:5
FNH:0
FNDA:0,(anonymous_0)
FNDA:0,(anonymous_1)
FNDA:0,(anonymous_2)
FNDA:0,(anonymous_3)
FNDA:0,(anonymous_4)
DA:1,1
DA:2,1
DA:3,1
DA:4,1
DA:11,0
DA:13,0
DA:14,0
DA:17,0
DA:19,0
DA:20,0
DA:22,0
DA:37,0
DA:39,0
DA:42,0
DA:48,0
DA:49,0
DA:50,0
DA:53,0
DA:61,0
DA:63,0
DA:65,0
DA:66,0
DA:69,0
DA:71,0
DA:72,0
DA:75,0
DA:81,0
DA:83,0
DA:85,0
DA:86,0
DA:89,0
DA:91,0
DA:92,0
DA:95,0
DA:97,0
DA:98,0
DA:101,0
DA:103,0
DA:104,0
DA:106,0
DA:121,0
DA:123,0
DA:126,0
DA:133,0
DA:135,0
DA:137,0
DA:138,0
DA:141,0
DA:143,0
DA:144,0
DA:147,0
DA:154,1
LF:52
LH:5
BRDA:13,0,0,0
BRDA:13,0,1,0
BRDA:65,1,0,0
BRDA:65,1,1,0
BRDA:71,2,0,0
BRDA:71,2,1,0
BRDA:85,3,0,0
BRDA:85,3,1,0
BRDA:91,4,0,0
BRDA:91,4,1,0
BRDA:97,5,0,0
BRDA:97,5,1,0
BRDA:137,6,0,0
BRDA:137,6,1,0
BRDA:143,7,0,0
BRDA:143,7,1,0
BRF:16
BRH:0
end_of_record
TN:
SF:C:\Nihar\Radixweb\NodeJs\Myntra\domain\order.domain.js
FN:9,(anonymous_0)
FN:66,(anonymous_1)
FN:72,(anonymous_2)
FN:92,(anonymous_3)
FN:146,(anonymous_4)
FN:167,(anonymous_5)
FNF:6
FNH:0
FNDA:0,(anonymous_0)
FNDA:0,(anonymous_1)
FNDA:0,(anonymous_2)
FNDA:0,(anonymous_3)
FNDA:0,(anonymous_4)
FNDA:0,(anonymous_5)
DA:1,1
DA:2,1
DA:3,1
DA:4,1
DA:11,0
DA:13,0
DA:14,0
DA:17,0
DA:19,0
DA:21,0
DA:22,0
DA:25,0
DA:27,0
DA:28,0
DA:30,0
DA:31,0
DA:33,0
DA:34,0
DA:37,0
DA:44,0
DA:46,0
DA:49,0
DA:55,0
DA:57,0
DA:61,0
DA:67,0
DA:68,0
DA:74,0
DA:76,0
DA:78,0
DA:79,0
DA:82,0
DA:84,0
DA:85,0
DA:88,0
DA:94,0
DA:96,0
DA:98,0
DA:99,0
DA:102,0
DA:104,0
DA:105,0
DA:108,0
DA:110,0
DA:112,0
DA:113,0
DA:116,0
DA:118,0
DA:119,0
DA:122,0
DA:124,0
DA:125,0
DA:127,0
DA:128,0
DA:130,0
DA:131,0
DA:134,0
DA:141,0
DA:143,0
DA:146,0
DA:150,0
DA:156,0
DA:158,0
DA:162,0
DA:169,0
DA:171,0
DA:173,0
DA:174,0
DA:177,0
DA:179,0
DA:180,0
DA:183,0
DA:189,1
LF:73
LH:5
BRDA:13,0,0,0
BRDA:13,0,1,0
BRDA:21,1,0,0
BRDA:21,1,1,0
BRDA:33,2,0,0
BRDA:33,2,1,0
BRDA:78,3,0,0
BRDA:78,3,1,0
BRDA:84,4,0,0
BRDA:84,4,1,0
BRDA:98,5,0,0
BRDA:98,5,1,0
BRDA:104,6,0,0
BRDA:104,6,1,0
BRDA:112,7,0,0
BRDA:112,7,1,0
BRDA:118,8,0,0
BRDA:118,8,1,0
BRDA:130,9,0,0
BRDA:130,9,1,0
BRDA:173,10,0,0
BRDA:173,10,1,0
BRDA:179,11,0,0
BRDA:179,11,1,0
BRF:24
BRH:0
end_of_record
TN:
SF:C:\Nihar\Radixweb\NodeJs\Myntra\domain\product.domain.js
FN:7,(anonymous_0)
FN:38,(anonymous_1)
FN:44,(anonymous_2)
FN:64,(anonymous_3)
FN:110,(anonymous_4)
FNF:5
FNH:0
FNDA:0,(anonymous_0)
FNDA:0,(anonymous_1)
FNDA:0,(anonymous_2)
FNDA:0,(anonymous_3)
FNDA:0,(anonymous_4)
DA:1,1
DA:2,1
DA:9,0
DA:11,0
DA:12,0
DA:15,0
DA:16,0
DA:28,0
DA:30,0
DA:33,0
DA:39,0
DA:40,0
DA:46,0
DA:48,0
DA:50,0
DA:51,0
DA:54,0
DA:56,0
DA:57,0
DA:60,0
DA:66,0
DA:68,0
DA:70,0
DA:71,0
DA:74,0
DA:76,0
DA:77,0
DA:80,0
DA:82,0
DA:83,0
DA:86,0
DA:88,0
DA:100,0
DA:102,0
DA:105,0
DA:112,0
DA:114,0
DA:116,0
DA:117,0
DA:120,0
DA:122,0
DA:123,0
DA:126,0
DA:131,1
LF:44
LH:3
BRDA:11,0,0,0
BRDA:11,0,1,0
BRDA:50,1,0,0
BRDA:50,1,1,0
BRDA:56,2,0,0
BRDA:56,2,1,0
BRDA:70,3,0,0
BRDA:70,3,1,0
BRDA:76,4,0,0
BRDA:76,4,1,0
BRDA:82,5,0,0
BRDA:82,5,1,0
BRDA:116,6,0,0
BRDA:116,6,1,0
BRDA:122,7,0,0
BRDA:122,7,1,0
BRF:16
BRH:0
end_of_record
TN:
SF:C:\Nihar\Radixweb\NodeJs\Myntra\domain\seller.domain.js
FN:9,(anonymous_0)
FN:47,(anonymous_1)
FN:53,(anonymous_2)
FN:73,(anonymous_3)
FN:124,(anonymous_4)
FNF:5
FNH:1
FNDA:20,(anonymous_0)
FNDA:0,(anonymous_1)
FNDA:0,(anonymous_2)
FNDA:0,(anonymous_3)
FNDA:0,(anonymous_4)
DA:1,1
DA:2,1
DA:3,1
DA:4,1
DA:11,20
DA:13,20
DA:14,0
DA:17,20
DA:19,20
DA:20,20
DA:22,20
DA:37,20
DA:39,20
DA:42,0
DA:48,0
DA:49,0
DA:55,0
DA:57,0
DA:59,0
DA:60,0
DA:63,0
DA:65,0
DA:66,0
DA:69,0
DA:75,0
DA:77,0
DA:79,0
DA:80,0
DA:83,0
DA:85,0
DA:86,0
DA:89,0
DA:91,0
DA:92,0
DA:95,0
DA:96,0
DA:97,0
DA:99,0
DA:114,0
DA:116,0
DA:119,0
DA:126,0
DA:128,0
DA:130,0
DA:131,0
DA:134,0
DA:136,0
DA:137,0
DA:140,0
DA:146,1
LF:50
LH:13
BRDA:13,0,0,0
BRDA:13,0,1,20
BRDA:59,1,0,0
BRDA:59,1,1,0
BRDA:65,2,0,0
BRDA:65,2,1,0
BRDA:79,3,0,0
BRDA:79,3,1,0
BRDA:85,4,0,0
BRDA:85,4,1,0
BRDA:91,5,0,0
BRDA:91,5,1,0
BRDA:130,6,0,0
BRDA:130,6,1,0
BRDA:136,7,0,0
BRDA:136,7,1,0
BRF:16
BRH:1
end_of_record
TN:
SF:C:\Nihar\Radixweb\NodeJs\Myntra\domain\state.domain.js
FN:7,(anonymous_0)
FN:31,(anonymous_1)
FN:37,(anonymous_2)
FN:57,(anonymous_3)
FN:95,(anonymous_4)
FNF:5
FNH:0
FNDA:0,(anonymous_0)
FNDA:0,(anonymous_1)
FNDA:0,(anonymous_2)
FNDA:0,(anonymous_3)
FNDA:0,(anonymous_4)
DA:1,1
DA:2,1
DA:9,0
DA:11,0
DA:12,0
DA:15,0
DA:16,0
DA:21,0
DA:23,0
DA:26,0
DA:32,0
DA:33,0
DA:39,0
DA:41,0
DA:43,0
DA:44,0
DA:47,0
DA:49,0
DA:50,0
DA:53,0
DA:59,0
DA:61,0
DA:63,0
DA:64,0
DA:67,0
DA:69,0
DA:70,0
DA:73,0
DA:75,0
DA:76,0
DA:79,0
DA:80,0
DA:85,0
DA:87,0
DA:90,0
DA:97,0
DA:99,0
DA:101,0
DA:102,0
DA:105,0
DA:107,0
DA:108,0
DA:111,0
DA:117,1
LF:44
LH:3
BRDA:11,0,0,0
BRDA:11,0,1,0
BRDA:43,1,0,0
BRDA:43,1,1,0
BRDA:49,2,0,0
BRDA:49,2,1,0
BRDA:63,3,0,0
BRDA:63,3,1,0
BRDA:69,4,0,0
BRDA:69,4,1,0
BRDA:75,5,0,0
BRDA:75,5,1,0
BRDA:101,6,0,0
BRDA:101,6,1,0
BRDA:107,7,0,0
BRDA:107,7,1,0
BRF:16
BRH:0
end_of_record
TN:
SF:C:\Nihar\Radixweb\NodeJs\Myntra\middleware\auth.js
FN:4,(anonymous_0)
FN:13,(anonymous_1)
FNF:2
FNH:2
FNDA:20,(anonymous_0)
FNDA:15,(anonymous_1)
DA:1,1
DA:2,1
DA:4,1
DA:6,20
DA:8,20
DA:9,5
DA:12,15
DA:13,15
DA:14,15
DA:15,0
DA:20,0
DA:25,15
DA:27,15
DA:31,0
DA:32,0
LF:15
LH:11
BRDA:8,0,0,5
BRDA:8,0,1,15
BRDA:14,1,0,0
BRDA:14,1,1,15
BRF:4
BRH:3
end_of_record
TN:
SF:C:\Nihar\Radixweb\NodeJs\Myntra\middleware\error.js
FN:3,(anonymous_0)
FNF:1
FNH:0
FNDA:0,(anonymous_0)
DA:1,1
DA:3,1
DA:5,0
DA:6,0
LF:4
LH:2
BRF:0
BRH:0
end_of_record
TN:
SF:C:\Nihar\Radixweb\NodeJs\Myntra\middleware\seller.js
FN:1,(anonymous_0)
FNF:1
FNH:1
FNDA:11,(anonymous_0)
DA:1,1
DA:3,11
DA:4,0
DA:7,11
LF:4
LH:3
BRDA:3,0,0,0
BRDA:3,0,1,11
BRF:2
BRH:1
end_of_record
TN:
SF:C:\Nihar\Radixweb\NodeJs\Myntra\models\brand.model.js
FN:14,validateBrand
FNF:1
FNH:1
FNDA:7,validateBrand
DA:1,1
DA:2,1
DA:5,1
DA:15,7
DA:19,7
DA:22,1
DA:23,1
LF:7
LH:7
BRF:0
BRH:0
end_of_record
TN:
SF:C:\Nihar\Radixweb\NodeJs\Myntra\models\category.model.js
FN:14,validateCategory
FNF:1
FNH:0
FNDA:0,validateCategory
DA:1,1
DA:2,1
DA:5,1
DA:15,0
DA:19,0
DA:22,1
DA:23,1
LF:7
LH:5
BRF:0
BRH:0
end_of_record
TN:
SF:C:\Nihar\Radixweb\NodeJs\Myntra\models\city.model.js
FN:19,validateCity
FNF:1
FNH:0
FNDA:0,validateCity
DA:1,1
DA:2,1
DA:5,1
DA:20,0
DA:25,0
DA:28,1
DA:29,1
LF:7
LH:5
BRF:0
BRH:0
end_of_record
TN:
SF:C:\Nihar\Radixweb\NodeJs\Myntra\models\country.model.js
FN:14,validateCountry
FNF:1
FNH:0
FNDA:0,validateCountry
DA:1,1
DA:2,1
DA:5,1
DA:15,0
DA:19,0
DA:22,1
DA:23,1
LF:7
LH:5
BRF:0
BRH:0
end_of_record
TN:
SF:C:\Nihar\Radixweb\NodeJs\Myntra\models\customer.model.js
FN:62,validateCustomer
FNF:1
FNH:0
FNDA:0,validateCustomer
DA:1,1
DA:2,1
DA:5,1
DA:63,0
DA:78,0
DA:81,1
DA:82,1
LF:7
LH:5
BRF:0
BRH:0
end_of_record
TN:
SF:C:\Nihar\Radixweb\NodeJs\Myntra\models\order.model.js
FN:37,(anonymous_0)
FN:50,validateOrder
FNF:2
FNH:0
FNDA:0,(anonymous_0)
FNDA:0,validateOrder
DA:1,1
DA:2,1
DA:5,1
DA:38,0
DA:51,0
DA:62,0
DA:65,1
DA:66,1
LF:8
LH:5
BRDA:38,0,0,0
BRDA:38,0,1,0
BRF:2
BRH:0
end_of_record
TN:
SF:C:\Nihar\Radixweb\NodeJs\Myntra\models\product.model.js
FN:45,(anonymous_0)
FN:56,(anonymous_1)
FN:67,(anonymous_2)
FN:76,validateProduct
FNF:4
FNH:0
FNDA:0,(anonymous_0)
FNDA:0,(anonymous_1)
FNDA:0,(anonymous_2)
FNDA:0,validateProduct
DA:1,1
DA:2,1
DA:5,1
DA:46,0
DA:57,0
DA:68,0
DA:77,0
DA:90,0
DA:93,1
DA:94,1
LF:10
LH:5
BRDA:46,0,0,0
BRDA:46,0,1,0
BRDA:57,1,0,0
BRDA:57,1,1,0
BRDA:68,2,0,0
BRDA:68,2,1,0
BRF:6
BRH:0
end_of_record
TN:
SF:C:\Nihar\Radixweb\NodeJs\Myntra\models\seller.model.js
FN:62,validateSeller
FNF:1
FNH:1
FNDA:20,validateSeller
DA:1,1
DA:2,1
DA:5,1
DA:63,20
DA:78,20
DA:81,1
DA:82,1
LF:7
LH:7
BRF:0
BRH:0
end_of_record
TN:
SF:C:\Nihar\Radixweb\NodeJs\Myntra\models\state.model.js
FN:19,validateState
FNF:1
FNH:0
FNDA:0,validateState
DA:1,1
DA:2,1
DA:5,1
DA:20,0
DA:25,0
DA:28,1
DA:29,1
LF:7
LH:5
BRF:0
BRH:0
end_of_record
